--------------------------------------------------------------------------------
Release 12.4 Trace  (nt64)
Copyright (c) 1995-2010 Xilinx, Inc.  All rights reserved.

C:\Xilinx\12.4\ISE_DS\ISE\bin\nt64\unwrapped\trce.exe -filter
C:/vmware-shared/ece453/l5/fpga/l5/iseconfig/filter.filter -intstyle ise -v 3
-s 4 -n 3 -fastpaths -xml ece453_top_level.twx ece453_top_level.ncd -o
ece453_top_level.twr ece453_top_level.pcf

Design file:              ece453_top_level.ncd
Physical constraint file: ece453_top_level.pcf
Device,package,speed:     xc3s1500,fg676,-4 (PRODUCTION 1.39 2010-11-18)
Report level:             verbose report

Environment Variable      Effect 
--------------------      ------ 
NONE                      No environment variables were set
--------------------------------------------------------------------------------

INFO:Timing:2698 - No timing constraints found, doing default enumeration.
INFO:Timing:2752 - To get complete path coverage, use the unconstrained paths 
   option. All paths that are not constrained will be reported in the 
   unconstrained paths section(s) of the report.
INFO:Timing:3339 - The clock-to-out numbers in this timing report are based on 
   a 50 Ohm transmission line loading model.  For the details of this model, 
   and for more information on accounting for different loading conditions, 
   please see the device datasheet.
INFO:Timing:3390 - This architecture does not support a default System Jitter 
   value, please add SYSTEM_JITTER constraint to the UCF to modify the Clock 
   Uncertainty calculation.
INFO:Timing:3389 - This architecture does not support 'Discrete Jitter' and 
   'Phase Error' calculations, these terms will be zero in the Clock 
   Uncertainty calculation.  Please make appropriate modification to 
   SYSTEM_JITTER to account for the unsupported Discrete Jitter and Phase 
   Error.



Data Sheet report:
-----------------
All values displayed in nanoseconds (ns)

Setup/Hold to clock FPGA_CLK1
--------------+------------+------------+------------------+--------+
              |Max Setup to|Max Hold to |                  | Clock  |
Source        | clk (edge) | clk (edge) |Internal Clock(s) | Phase  |
--------------+------------+------------+------------------+--------+
MZB_CPLD_AS   |    2.975(R)|   -1.563(R)|FPGA_CLK1_BUFGP   |   0.000|
MZB_CPLD_RS5_B|    2.654(R)|   -1.323(R)|FPGA_CLK1_BUFGP   |   0.000|
MZB_CPLD_WS5_B|    1.970(R)|   -0.758(R)|FPGA_CLK1_BUFGP   |   0.000|
MZB_D<0>      |    2.446(R)|   -0.521(R)|FPGA_CLK1_BUFGP   |   0.000|
MZB_D<1>      |    1.837(R)|   -0.307(R)|FPGA_CLK1_BUFGP   |   0.000|
MZB_D<2>      |    1.307(R)|    0.116(R)|FPGA_CLK1_BUFGP   |   0.000|
MZB_D<3>      |    1.560(R)|   -0.078(R)|FPGA_CLK1_BUFGP   |   0.000|
MZB_D<4>      |    0.995(R)|    0.390(R)|FPGA_CLK1_BUFGP   |   0.000|
MZB_D<5>      |    1.813(R)|   -0.273(R)|FPGA_CLK1_BUFGP   |   0.000|
MZB_D<6>      |    1.626(R)|   -0.120(R)|FPGA_CLK1_BUFGP   |   0.000|
MZB_D<7>      |    1.707(R)|   -0.208(R)|FPGA_CLK1_BUFGP   |   0.000|
MZB_D<8>      |    1.479(R)|   -0.046(R)|FPGA_CLK1_BUFGP   |   0.000|
MZB_D<9>      |    1.485(R)|   -0.049(R)|FPGA_CLK1_BUFGP   |   0.000|
MZB_D<10>     |    1.401(R)|    0.026(R)|FPGA_CLK1_BUFGP   |   0.000|
MZB_D<11>     |    1.710(R)|   -0.227(R)|FPGA_CLK1_BUFGP   |   0.000|
MZB_D<12>     |    1.372(R)|    0.073(R)|FPGA_CLK1_BUFGP   |   0.000|
MZB_D<13>     |    1.315(R)|    0.118(R)|FPGA_CLK1_BUFGP   |   0.000|
MZB_D<14>     |    1.584(R)|   -0.109(R)|FPGA_CLK1_BUFGP   |   0.000|
MZB_D<15>     |    1.947(R)|   -0.422(R)|FPGA_CLK1_BUFGP   |   0.000|
MZB_D<16>     |    1.480(R)|   -0.004(R)|FPGA_CLK1_BUFGP   |   0.000|
MZB_D<17>     |    1.220(R)|    0.204(R)|FPGA_CLK1_BUFGP   |   0.000|
MZB_D<18>     |    1.220(R)|    0.204(R)|FPGA_CLK1_BUFGP   |   0.000|
MZB_D<19>     |    1.202(R)|    0.219(R)|FPGA_CLK1_BUFGP   |   0.000|
MZB_D<20>     |    1.287(R)|    0.147(R)|FPGA_CLK1_BUFGP   |   0.000|
MZB_D<21>     |    1.032(R)|    0.351(R)|FPGA_CLK1_BUFGP   |   0.000|
MZB_D<22>     |    1.188(R)|    0.222(R)|FPGA_CLK1_BUFGP   |   0.000|
MZB_D<23>     |    1.112(R)|    0.274(R)|FPGA_CLK1_BUFGP   |   0.000|
MZB_D<24>     |    1.066(R)|    0.311(R)|FPGA_CLK1_BUFGP   |   0.000|
MZB_D<25>     |    0.803(R)|    0.515(R)|FPGA_CLK1_BUFGP   |   0.000|
MZB_D<26>     |    0.985(R)|    0.366(R)|FPGA_CLK1_BUFGP   |   0.000|
MZB_D<27>     |    1.235(R)|    0.159(R)|FPGA_CLK1_BUFGP   |   0.000|
MZB_D<28>     |    1.229(R)|    0.162(R)|FPGA_CLK1_BUFGP   |   0.000|
MZB_D<29>     |    1.767(R)|   -0.268(R)|FPGA_CLK1_BUFGP   |   0.000|
MZB_D<30>     |    1.473(R)|   -0.028(R)|FPGA_CLK1_BUFGP   |   0.000|
MZB_D<31>     |    1.606(R)|   -0.134(R)|FPGA_CLK1_BUFGP   |   0.000|
--------------+------------+------------+------------------+--------+

Setup/Hold to clock MZB_A<0>
------------+------------+------------+-----------------------------------------------+--------+
            |Max Setup to|Max Hold to |                                               | Clock  |
Source      | clk (edge) | clk (edge) |Internal Clock(s)                              | Phase  |
------------+------------+------------+-----------------------------------------------+--------+
MZB_A<2>    |   -1.423(F)|    3.662(F)|MASTER/myRegFile/rf/select_mux0000<2>1_wg_cy<5>|   0.000|
------------+------------+------------+-----------------------------------------------+--------+

Setup/Hold to clock MZB_A<1>
------------+------------+------------+-----------------------------------------------+--------+
            |Max Setup to|Max Hold to |                                               | Clock  |
Source      | clk (edge) | clk (edge) |Internal Clock(s)                              | Phase  |
------------+------------+------------+-----------------------------------------------+--------+
MZB_A<2>    |   -1.693(F)|    4.000(F)|MASTER/myRegFile/rf/select_mux0000<2>1_wg_cy<5>|   0.000|
------------+------------+------------+-----------------------------------------------+--------+

Setup/Hold to clock MZB_A<3>
------------+------------+------------+-----------------------------------------------+--------+
            |Max Setup to|Max Hold to |                                               | Clock  |
Source      | clk (edge) | clk (edge) |Internal Clock(s)                              | Phase  |
------------+------------+------------+-----------------------------------------------+--------+
MZB_A<2>    |   -0.922(F)|    3.037(F)|MASTER/myRegFile/rf/select_mux0000<2>1_wg_cy<5>|   0.000|
------------+------------+------------+-----------------------------------------------+--------+

Setup/Hold to clock MZB_A<4>
------------+------------+------------+-----------------------------------------------+--------+
            |Max Setup to|Max Hold to |                                               | Clock  |
Source      | clk (edge) | clk (edge) |Internal Clock(s)                              | Phase  |
------------+------------+------------+-----------------------------------------------+--------+
MZB_A<2>    |   -1.492(F)|    3.750(F)|MASTER/myRegFile/rf/select_mux0000<2>1_wg_cy<5>|   0.000|
------------+------------+------------+-----------------------------------------------+--------+

Setup/Hold to clock MZB_A<5>
------------+------------+------------+-----------------------------------------------+--------+
            |Max Setup to|Max Hold to |                                               | Clock  |
Source      | clk (edge) | clk (edge) |Internal Clock(s)                              | Phase  |
------------+------------+------------+-----------------------------------------------+--------+
MZB_A<2>    |   -0.721(F)|    2.785(F)|MASTER/myRegFile/rf/select_mux0000<2>1_wg_cy<5>|   0.000|
------------+------------+------------+-----------------------------------------------+--------+

Setup/Hold to clock MZB_A<6>
------------+------------+------------+-----------------------------------------------+--------+
            |Max Setup to|Max Hold to |                                               | Clock  |
Source      | clk (edge) | clk (edge) |Internal Clock(s)                              | Phase  |
------------+------------+------------+-----------------------------------------------+--------+
MZB_A<2>    |   -0.823(F)|    2.913(F)|MASTER/myRegFile/rf/select_mux0000<2>1_wg_cy<5>|   0.000|
------------+------------+------------+-----------------------------------------------+--------+

Setup/Hold to clock MZB_A<7>
------------+------------+------------+-----------------------------------------------+--------+
            |Max Setup to|Max Hold to |                                               | Clock  |
Source      | clk (edge) | clk (edge) |Internal Clock(s)                              | Phase  |
------------+------------+------------+-----------------------------------------------+--------+
MZB_A<2>    |   -0.807(F)|    2.894(F)|MASTER/myRegFile/rf/select_mux0000<2>1_wg_cy<5>|   0.000|
------------+------------+------------+-----------------------------------------------+--------+

Setup/Hold to clock MZB_A<8>
------------+------------+------------+-----------------------------------------------+--------+
            |Max Setup to|Max Hold to |                                               | Clock  |
Source      | clk (edge) | clk (edge) |Internal Clock(s)                              | Phase  |
------------+------------+------------+-----------------------------------------------+--------+
MZB_A<2>    |   -0.821(F)|    2.910(F)|MASTER/myRegFile/rf/select_mux0000<2>1_wg_cy<5>|   0.000|
------------+------------+------------+-----------------------------------------------+--------+

Setup/Hold to clock MZB_A<9>
------------+------------+------------+-----------------------------------------------+--------+
            |Max Setup to|Max Hold to |                                               | Clock  |
Source      | clk (edge) | clk (edge) |Internal Clock(s)                              | Phase  |
------------+------------+------------+-----------------------------------------------+--------+
MZB_A<2>    |   -0.227(F)|    2.168(F)|MASTER/myRegFile/rf/select_mux0000<2>1_wg_cy<5>|   0.000|
------------+------------+------------+-----------------------------------------------+--------+

Setup/Hold to clock MZB_A<10>
------------+------------+------------+-----------------------------------------------+--------+
            |Max Setup to|Max Hold to |                                               | Clock  |
Source      | clk (edge) | clk (edge) |Internal Clock(s)                              | Phase  |
------------+------------+------------+-----------------------------------------------+--------+
MZB_A<2>    |   -0.491(F)|    2.498(F)|MASTER/myRegFile/rf/select_mux0000<2>1_wg_cy<5>|   0.000|
------------+------------+------------+-----------------------------------------------+--------+

Setup/Hold to clock MZB_A<11>
------------+------------+------------+-----------------------------------------------+--------+
            |Max Setup to|Max Hold to |                                               | Clock  |
Source      | clk (edge) | clk (edge) |Internal Clock(s)                              | Phase  |
------------+------------+------------+-----------------------------------------------+--------+
MZB_A<2>    |   -0.245(F)|    2.190(F)|MASTER/myRegFile/rf/select_mux0000<2>1_wg_cy<5>|   0.000|
------------+------------+------------+-----------------------------------------------+--------+

Setup/Hold to clock MZB_A<12>
------------+------------+------------+-----------------------------------------------+--------+
            |Max Setup to|Max Hold to |                                               | Clock  |
Source      | clk (edge) | clk (edge) |Internal Clock(s)                              | Phase  |
------------+------------+------------+-----------------------------------------------+--------+
MZB_A<2>    |   -0.865(F)|    2.965(F)|MASTER/myRegFile/rf/select_mux0000<2>1_wg_cy<5>|   0.000|
------------+------------+------------+-----------------------------------------------+--------+

Setup/Hold to clock MZB_A<13>
------------+------------+------------+-----------------------------------------------+--------+
            |Max Setup to|Max Hold to |                                               | Clock  |
Source      | clk (edge) | clk (edge) |Internal Clock(s)                              | Phase  |
------------+------------+------------+-----------------------------------------------+--------+
MZB_A<2>    |   -1.087(F)|    3.243(F)|MASTER/myRegFile/rf/select_mux0000<2>1_wg_cy<5>|   0.000|
------------+------------+------------+-----------------------------------------------+--------+

Setup/Hold to clock MZB_A<14>
------------+------------+------------+-----------------------------------------------+--------+
            |Max Setup to|Max Hold to |                                               | Clock  |
Source      | clk (edge) | clk (edge) |Internal Clock(s)                              | Phase  |
------------+------------+------------+-----------------------------------------------+--------+
MZB_A<2>    |   -1.492(F)|    3.749(F)|MASTER/myRegFile/rf/select_mux0000<2>1_wg_cy<5>|   0.000|
------------+------------+------------+-----------------------------------------------+--------+

Setup/Hold to clock MZB_A<15>
------------+------------+------------+-----------------------------------------------+--------+
            |Max Setup to|Max Hold to |                                               | Clock  |
Source      | clk (edge) | clk (edge) |Internal Clock(s)                              | Phase  |
------------+------------+------------+-----------------------------------------------+--------+
MZB_A<2>    |   -0.734(F)|    2.802(F)|MASTER/myRegFile/rf/select_mux0000<2>1_wg_cy<5>|   0.000|
------------+------------+------------+-----------------------------------------------+--------+

Setup/Hold to clock MZB_A<16>
------------+------------+------------+-----------------------------------------------+--------+
            |Max Setup to|Max Hold to |                                               | Clock  |
Source      | clk (edge) | clk (edge) |Internal Clock(s)                              | Phase  |
------------+------------+------------+-----------------------------------------------+--------+
MZB_A<2>    |   -0.803(F)|    2.888(F)|MASTER/myRegFile/rf/select_mux0000<2>1_wg_cy<5>|   0.000|
------------+------------+------------+-----------------------------------------------+--------+

Setup/Hold to clock MZB_A<17>
------------+------------+------------+-----------------------------------------------+--------+
            |Max Setup to|Max Hold to |                                               | Clock  |
Source      | clk (edge) | clk (edge) |Internal Clock(s)                              | Phase  |
------------+------------+------------+-----------------------------------------------+--------+
MZB_A<2>    |   -0.920(F)|    3.035(F)|MASTER/myRegFile/rf/select_mux0000<2>1_wg_cy<5>|   0.000|
------------+------------+------------+-----------------------------------------------+--------+

Setup/Hold to clock MZB_A<18>
------------+------------+------------+-----------------------------------------------+--------+
            |Max Setup to|Max Hold to |                                               | Clock  |
Source      | clk (edge) | clk (edge) |Internal Clock(s)                              | Phase  |
------------+------------+------------+-----------------------------------------------+--------+
MZB_A<2>    |   -1.025(F)|    3.165(F)|MASTER/myRegFile/rf/select_mux0000<2>1_wg_cy<5>|   0.000|
------------+------------+------------+-----------------------------------------------+--------+

Setup/Hold to clock MZB_A<19>
------------+------------+------------+-----------------------------------------------+--------+
            |Max Setup to|Max Hold to |                                               | Clock  |
Source      | clk (edge) | clk (edge) |Internal Clock(s)                              | Phase  |
------------+------------+------------+-----------------------------------------------+--------+
MZB_A<2>    |   -0.920(F)|    3.034(F)|MASTER/myRegFile/rf/select_mux0000<2>1_wg_cy<5>|   0.000|
------------+------------+------------+-----------------------------------------------+--------+

Setup/Hold to clock MZB_A<20>
------------+------------+------------+-----------------------------------------------+--------+
            |Max Setup to|Max Hold to |                                               | Clock  |
Source      | clk (edge) | clk (edge) |Internal Clock(s)                              | Phase  |
------------+------------+------------+-----------------------------------------------+--------+
MZB_A<2>    |   -0.592(F)|    2.624(F)|MASTER/myRegFile/rf/select_mux0000<2>1_wg_cy<5>|   0.000|
------------+------------+------------+-----------------------------------------------+--------+

Setup/Hold to clock MZB_A<21>
------------+------------+------------+-----------------------------------------------+--------+
            |Max Setup to|Max Hold to |                                               | Clock  |
Source      | clk (edge) | clk (edge) |Internal Clock(s)                              | Phase  |
------------+------------+------------+-----------------------------------------------+--------+
MZB_A<2>    |   -0.040(F)|    1.933(F)|MASTER/myRegFile/rf/select_mux0000<2>1_wg_cy<5>|   0.000|
------------+------------+------------+-----------------------------------------------+--------+

Setup/Hold to clock MZB_A<22>
------------+------------+------------+-----------------------------------------------+--------+
            |Max Setup to|Max Hold to |                                               | Clock  |
Source      | clk (edge) | clk (edge) |Internal Clock(s)                              | Phase  |
------------+------------+------------+-----------------------------------------------+--------+
MZB_A<2>    |   -0.151(F)|    2.072(F)|MASTER/myRegFile/rf/select_mux0000<2>1_wg_cy<5>|   0.000|
------------+------------+------------+-----------------------------------------------+--------+

Setup/Hold to clock MZB_A<23>
------------+------------+------------+-----------------------------------------------+--------+
            |Max Setup to|Max Hold to |                                               | Clock  |
Source      | clk (edge) | clk (edge) |Internal Clock(s)                              | Phase  |
------------+------------+------------+-----------------------------------------------+--------+
MZB_A<2>    |   -0.592(F)|    2.624(F)|MASTER/myRegFile/rf/select_mux0000<2>1_wg_cy<5>|   0.000|
------------+------------+------------+-----------------------------------------------+--------+

Clock FPGA_CLK1 to Pad
------------+------------+------------------+--------+
            | clk (edge) |                  | Clock  |
Destination |   to PAD   |Internal Clock(s) | Phase  |
------------+------------+------------------+--------+
LED<0>      |   11.472(R)|FPGA_CLK1_BUFGP   |   0.000|
LED<1>      |   12.178(R)|FPGA_CLK1_BUFGP   |   0.000|
LED<2>      |   10.989(R)|FPGA_CLK1_BUFGP   |   0.000|
LED<3>      |   11.332(R)|FPGA_CLK1_BUFGP   |   0.000|
LED<4>      |   11.198(R)|FPGA_CLK1_BUFGP   |   0.000|
LED<5>      |   11.294(R)|FPGA_CLK1_BUFGP   |   0.000|
LED<6>      |   11.372(R)|FPGA_CLK1_BUFGP   |   0.000|
LED<7>      |   12.036(R)|FPGA_CLK1_BUFGP   |   0.000|
MZB_D<0>    |   10.188(R)|FPGA_CLK1_BUFGP   |   0.000|
MZB_D<1>    |   10.253(R)|FPGA_CLK1_BUFGP   |   0.000|
MZB_D<2>    |   10.196(R)|FPGA_CLK1_BUFGP   |   0.000|
MZB_D<3>    |   10.065(R)|FPGA_CLK1_BUFGP   |   0.000|
MZB_D<4>    |    9.562(R)|FPGA_CLK1_BUFGP   |   0.000|
MZB_D<5>    |    9.748(R)|FPGA_CLK1_BUFGP   |   0.000|
MZB_D<6>    |    9.706(R)|FPGA_CLK1_BUFGP   |   0.000|
MZB_D<7>    |   10.447(R)|FPGA_CLK1_BUFGP   |   0.000|
MZB_D<8>    |    9.319(R)|FPGA_CLK1_BUFGP   |   0.000|
MZB_D<9>    |    9.672(R)|FPGA_CLK1_BUFGP   |   0.000|
MZB_D<10>   |    9.701(R)|FPGA_CLK1_BUFGP   |   0.000|
MZB_D<11>   |    9.987(R)|FPGA_CLK1_BUFGP   |   0.000|
MZB_D<12>   |    9.865(R)|FPGA_CLK1_BUFGP   |   0.000|
MZB_D<13>   |    9.828(R)|FPGA_CLK1_BUFGP   |   0.000|
MZB_D<14>   |   10.159(R)|FPGA_CLK1_BUFGP   |   0.000|
MZB_D<15>   |   10.994(R)|FPGA_CLK1_BUFGP   |   0.000|
MZB_D<16>   |    9.793(R)|FPGA_CLK1_BUFGP   |   0.000|
MZB_D<17>   |    9.980(R)|FPGA_CLK1_BUFGP   |   0.000|
MZB_D<18>   |   10.342(R)|FPGA_CLK1_BUFGP   |   0.000|
MZB_D<19>   |    9.753(R)|FPGA_CLK1_BUFGP   |   0.000|
MZB_D<20>   |    9.540(R)|FPGA_CLK1_BUFGP   |   0.000|
MZB_D<21>   |    9.430(R)|FPGA_CLK1_BUFGP   |   0.000|
MZB_D<22>   |    9.396(R)|FPGA_CLK1_BUFGP   |   0.000|
MZB_D<23>   |    9.390(R)|FPGA_CLK1_BUFGP   |   0.000|
MZB_D<24>   |    9.024(R)|FPGA_CLK1_BUFGP   |   0.000|
MZB_D<25>   |    9.370(R)|FPGA_CLK1_BUFGP   |   0.000|
MZB_D<26>   |    9.012(R)|FPGA_CLK1_BUFGP   |   0.000|
MZB_D<27>   |    9.718(R)|FPGA_CLK1_BUFGP   |   0.000|
MZB_D<28>   |    9.332(R)|FPGA_CLK1_BUFGP   |   0.000|
MZB_D<29>   |    9.685(R)|FPGA_CLK1_BUFGP   |   0.000|
MZB_D<30>   |    9.482(R)|FPGA_CLK1_BUFGP   |   0.000|
MZB_D<31>   |   10.112(R)|FPGA_CLK1_BUFGP   |   0.000|
------------+------------+------------------+--------+

Clock to Setup on destination clock FPGA_CLK1
---------------+---------+---------+---------+---------+
               | Src:Rise| Src:Fall| Src:Rise| Src:Fall|
Source Clock   |Dest:Rise|Dest:Rise|Dest:Fall|Dest:Fall|
---------------+---------+---------+---------+---------+
FPGA_CLK1      |    9.732|         |         |         |
MZB_A<0>       |         |   14.772|         |         |
MZB_A<1>       |         |   14.772|         |         |
MZB_A<3>       |         |   14.772|         |         |
MZB_A<4>       |         |   14.772|         |         |
MZB_A<5>       |         |   14.772|         |         |
MZB_A<6>       |         |   14.772|         |         |
MZB_A<7>       |         |   14.772|         |         |
MZB_A<8>       |         |   14.772|         |         |
MZB_A<9>       |         |   14.772|         |         |
MZB_A<10>      |         |   14.772|         |         |
MZB_A<11>      |         |   14.772|         |         |
MZB_A<12>      |         |   14.772|         |         |
MZB_A<13>      |         |   14.772|         |         |
MZB_A<14>      |         |   14.772|         |         |
MZB_A<15>      |         |   14.772|         |         |
MZB_A<16>      |         |   14.772|         |         |
MZB_A<17>      |         |   14.772|         |         |
MZB_A<18>      |         |   14.772|         |         |
MZB_A<19>      |         |   14.772|         |         |
MZB_A<20>      |         |   14.772|         |         |
MZB_A<21>      |         |   14.772|         |         |
MZB_A<22>      |         |   14.772|         |         |
MZB_A<23>      |         |   14.772|         |         |
---------------+---------+---------+---------+---------+

Clock to Setup on destination clock MZB_A<0>
---------------+---------+---------+---------+---------+
               | Src:Rise| Src:Fall| Src:Rise| Src:Fall|
Source Clock   |Dest:Rise|Dest:Rise|Dest:Fall|Dest:Fall|
---------------+---------+---------+---------+---------+
MZB_A<0>       |         |         |    2.105|    2.105|
MZB_A<1>       |         |         |    2.443|    2.443|
MZB_A<3>       |         |         |    1.480|    1.480|
MZB_A<4>       |         |         |    2.193|    2.193|
MZB_A<5>       |         |         |    1.228|    1.228|
MZB_A<6>       |         |         |    1.356|    1.356|
MZB_A<7>       |         |         |    1.337|    1.337|
MZB_A<8>       |         |         |    1.353|    1.353|
MZB_A<9>       |         |         |    0.611|    0.611|
MZB_A<10>      |         |         |    0.941|    0.941|
MZB_A<11>      |         |         |    0.633|    0.633|
MZB_A<12>      |         |         |    1.408|    1.408|
MZB_A<13>      |         |         |    1.686|    1.686|
MZB_A<14>      |         |         |    2.192|    2.192|
MZB_A<15>      |         |         |    1.245|    1.245|
MZB_A<16>      |         |         |    1.331|    1.331|
MZB_A<17>      |         |         |    1.478|    1.478|
MZB_A<18>      |         |         |    1.608|    1.608|
MZB_A<19>      |         |         |    1.477|    1.477|
MZB_A<20>      |         |         |    1.067|    1.067|
MZB_A<21>      |         |         |    0.376|    0.376|
MZB_A<22>      |         |         |    0.515|    0.515|
MZB_A<23>      |         |         |    1.067|    1.067|
---------------+---------+---------+---------+---------+

Clock to Setup on destination clock MZB_A<1>
---------------+---------+---------+---------+---------+
               | Src:Rise| Src:Fall| Src:Rise| Src:Fall|
Source Clock   |Dest:Rise|Dest:Rise|Dest:Fall|Dest:Fall|
---------------+---------+---------+---------+---------+
MZB_A<0>       |         |         |    1.835|    1.835|
MZB_A<1>       |         |         |    2.173|    2.173|
MZB_A<3>       |         |         |    1.210|    1.210|
MZB_A<4>       |         |         |    1.923|    1.923|
MZB_A<5>       |         |         |    0.958|    0.958|
MZB_A<6>       |         |         |    1.086|    1.086|
MZB_A<7>       |         |         |    1.067|    1.067|
MZB_A<8>       |         |         |    1.083|    1.083|
MZB_A<9>       |         |         |    0.341|    0.341|
MZB_A<10>      |         |         |    0.671|    0.671|
MZB_A<11>      |         |         |    0.363|    0.363|
MZB_A<12>      |         |         |    1.138|    1.138|
MZB_A<13>      |         |         |    1.416|    1.416|
MZB_A<14>      |         |         |    1.922|    1.922|
MZB_A<15>      |         |         |    0.975|    0.975|
MZB_A<16>      |         |         |    1.061|    1.061|
MZB_A<17>      |         |         |    1.208|    1.208|
MZB_A<18>      |         |         |    1.338|    1.338|
MZB_A<19>      |         |         |    1.207|    1.207|
MZB_A<20>      |         |         |    0.797|    0.797|
MZB_A<21>      |         |         |    0.106|    0.106|
MZB_A<22>      |         |         |    0.245|    0.245|
MZB_A<23>      |         |         |    0.797|    0.797|
---------------+---------+---------+---------+---------+

Clock to Setup on destination clock MZB_A<3>
---------------+---------+---------+---------+---------+
               | Src:Rise| Src:Fall| Src:Rise| Src:Fall|
Source Clock   |Dest:Rise|Dest:Rise|Dest:Fall|Dest:Fall|
---------------+---------+---------+---------+---------+
MZB_A<0>       |         |         |    2.606|    2.606|
MZB_A<1>       |         |         |    2.944|    2.944|
MZB_A<3>       |         |         |    1.981|    1.981|
MZB_A<4>       |         |         |    2.694|    2.694|
MZB_A<5>       |         |         |    1.729|    1.729|
MZB_A<6>       |         |         |    1.857|    1.857|
MZB_A<7>       |         |         |    1.838|    1.838|
MZB_A<8>       |         |         |    1.854|    1.854|
MZB_A<9>       |         |         |    1.112|    1.112|
MZB_A<10>      |         |         |    1.442|    1.442|
MZB_A<11>      |         |         |    1.134|    1.134|
MZB_A<12>      |         |         |    1.909|    1.909|
MZB_A<13>      |         |         |    2.187|    2.187|
MZB_A<14>      |         |         |    2.693|    2.693|
MZB_A<15>      |         |         |    1.746|    1.746|
MZB_A<16>      |         |         |    1.832|    1.832|
MZB_A<17>      |         |         |    1.979|    1.979|
MZB_A<18>      |         |         |    2.109|    2.109|
MZB_A<19>      |         |         |    1.978|    1.978|
MZB_A<20>      |         |         |    1.568|    1.568|
MZB_A<21>      |         |         |    0.877|    0.877|
MZB_A<22>      |         |         |    1.016|    1.016|
MZB_A<23>      |         |         |    1.568|    1.568|
---------------+---------+---------+---------+---------+

Clock to Setup on destination clock MZB_A<4>
---------------+---------+---------+---------+---------+
               | Src:Rise| Src:Fall| Src:Rise| Src:Fall|
Source Clock   |Dest:Rise|Dest:Rise|Dest:Fall|Dest:Fall|
---------------+---------+---------+---------+---------+
MZB_A<0>       |         |         |    2.036|    2.036|
MZB_A<1>       |         |         |    2.374|    2.374|
MZB_A<3>       |         |         |    1.411|    1.411|
MZB_A<4>       |         |         |    2.124|    2.124|
MZB_A<5>       |         |         |    1.159|    1.159|
MZB_A<6>       |         |         |    1.287|    1.287|
MZB_A<7>       |         |         |    1.268|    1.268|
MZB_A<8>       |         |         |    1.284|    1.284|
MZB_A<9>       |         |         |    0.542|    0.542|
MZB_A<10>      |         |         |    0.872|    0.872|
MZB_A<11>      |         |         |    0.564|    0.564|
MZB_A<12>      |         |         |    1.339|    1.339|
MZB_A<13>      |         |         |    1.617|    1.617|
MZB_A<14>      |         |         |    2.123|    2.123|
MZB_A<15>      |         |         |    1.176|    1.176|
MZB_A<16>      |         |         |    1.262|    1.262|
MZB_A<17>      |         |         |    1.409|    1.409|
MZB_A<18>      |         |         |    1.539|    1.539|
MZB_A<19>      |         |         |    1.408|    1.408|
MZB_A<20>      |         |         |    0.998|    0.998|
MZB_A<21>      |         |         |    0.307|    0.307|
MZB_A<22>      |         |         |    0.446|    0.446|
MZB_A<23>      |         |         |    0.998|    0.998|
---------------+---------+---------+---------+---------+

Clock to Setup on destination clock MZB_A<5>
---------------+---------+---------+---------+---------+
               | Src:Rise| Src:Fall| Src:Rise| Src:Fall|
Source Clock   |Dest:Rise|Dest:Rise|Dest:Fall|Dest:Fall|
---------------+---------+---------+---------+---------+
MZB_A<0>       |         |         |    2.807|    2.807|
MZB_A<1>       |         |         |    3.145|    3.145|
MZB_A<3>       |         |         |    2.182|    2.182|
MZB_A<4>       |         |         |    2.895|    2.895|
MZB_A<5>       |         |         |    1.930|    1.930|
MZB_A<6>       |         |         |    2.058|    2.058|
MZB_A<7>       |         |         |    2.039|    2.039|
MZB_A<8>       |         |         |    2.055|    2.055|
MZB_A<9>       |         |         |    1.313|    1.313|
MZB_A<10>      |         |         |    1.643|    1.643|
MZB_A<11>      |         |         |    1.335|    1.335|
MZB_A<12>      |         |         |    2.110|    2.110|
MZB_A<13>      |         |         |    2.388|    2.388|
MZB_A<14>      |         |         |    2.894|    2.894|
MZB_A<15>      |         |         |    1.947|    1.947|
MZB_A<16>      |         |         |    2.033|    2.033|
MZB_A<17>      |         |         |    2.180|    2.180|
MZB_A<18>      |         |         |    2.310|    2.310|
MZB_A<19>      |         |         |    2.179|    2.179|
MZB_A<20>      |         |         |    1.769|    1.769|
MZB_A<21>      |         |         |    1.078|    1.078|
MZB_A<22>      |         |         |    1.217|    1.217|
MZB_A<23>      |         |         |    1.769|    1.769|
---------------+---------+---------+---------+---------+

Clock to Setup on destination clock MZB_A<6>
---------------+---------+---------+---------+---------+
               | Src:Rise| Src:Fall| Src:Rise| Src:Fall|
Source Clock   |Dest:Rise|Dest:Rise|Dest:Fall|Dest:Fall|
---------------+---------+---------+---------+---------+
MZB_A<0>       |         |         |    2.705|    2.705|
MZB_A<1>       |         |         |    3.043|    3.043|
MZB_A<3>       |         |         |    2.080|    2.080|
MZB_A<4>       |         |         |    2.793|    2.793|
MZB_A<5>       |         |         |    1.828|    1.828|
MZB_A<6>       |         |         |    1.956|    1.956|
MZB_A<7>       |         |         |    1.937|    1.937|
MZB_A<8>       |         |         |    1.953|    1.953|
MZB_A<9>       |         |         |    1.211|    1.211|
MZB_A<10>      |         |         |    1.541|    1.541|
MZB_A<11>      |         |         |    1.233|    1.233|
MZB_A<12>      |         |         |    2.008|    2.008|
MZB_A<13>      |         |         |    2.286|    2.286|
MZB_A<14>      |         |         |    2.792|    2.792|
MZB_A<15>      |         |         |    1.845|    1.845|
MZB_A<16>      |         |         |    1.931|    1.931|
MZB_A<17>      |         |         |    2.078|    2.078|
MZB_A<18>      |         |         |    2.208|    2.208|
MZB_A<19>      |         |         |    2.077|    2.077|
MZB_A<20>      |         |         |    1.667|    1.667|
MZB_A<21>      |         |         |    0.976|    0.976|
MZB_A<22>      |         |         |    1.115|    1.115|
MZB_A<23>      |         |         |    1.667|    1.667|
---------------+---------+---------+---------+---------+

Clock to Setup on destination clock MZB_A<7>
---------------+---------+---------+---------+---------+
               | Src:Rise| Src:Fall| Src:Rise| Src:Fall|
Source Clock   |Dest:Rise|Dest:Rise|Dest:Fall|Dest:Fall|
---------------+---------+---------+---------+---------+
MZB_A<0>       |         |         |    2.721|    2.721|
MZB_A<1>       |         |         |    3.059|    3.059|
MZB_A<3>       |         |         |    2.096|    2.096|
MZB_A<4>       |         |         |    2.809|    2.809|
MZB_A<5>       |         |         |    1.844|    1.844|
MZB_A<6>       |         |         |    1.972|    1.972|
MZB_A<7>       |         |         |    1.953|    1.953|
MZB_A<8>       |         |         |    1.969|    1.969|
MZB_A<9>       |         |         |    1.227|    1.227|
MZB_A<10>      |         |         |    1.557|    1.557|
MZB_A<11>      |         |         |    1.249|    1.249|
MZB_A<12>      |         |         |    2.024|    2.024|
MZB_A<13>      |         |         |    2.302|    2.302|
MZB_A<14>      |         |         |    2.808|    2.808|
MZB_A<15>      |         |         |    1.861|    1.861|
MZB_A<16>      |         |         |    1.947|    1.947|
MZB_A<17>      |         |         |    2.094|    2.094|
MZB_A<18>      |         |         |    2.224|    2.224|
MZB_A<19>      |         |         |    2.093|    2.093|
MZB_A<20>      |         |         |    1.683|    1.683|
MZB_A<21>      |         |         |    0.992|    0.992|
MZB_A<22>      |         |         |    1.131|    1.131|
MZB_A<23>      |         |         |    1.683|    1.683|
---------------+---------+---------+---------+---------+

Clock to Setup on destination clock MZB_A<8>
---------------+---------+---------+---------+---------+
               | Src:Rise| Src:Fall| Src:Rise| Src:Fall|
Source Clock   |Dest:Rise|Dest:Rise|Dest:Fall|Dest:Fall|
---------------+---------+---------+---------+---------+
MZB_A<0>       |         |         |    2.707|    2.707|
MZB_A<1>       |         |         |    3.045|    3.045|
MZB_A<3>       |         |         |    2.082|    2.082|
MZB_A<4>       |         |         |    2.795|    2.795|
MZB_A<5>       |         |         |    1.830|    1.830|
MZB_A<6>       |         |         |    1.958|    1.958|
MZB_A<7>       |         |         |    1.939|    1.939|
MZB_A<8>       |         |         |    1.955|    1.955|
MZB_A<9>       |         |         |    1.213|    1.213|
MZB_A<10>      |         |         |    1.543|    1.543|
MZB_A<11>      |         |         |    1.235|    1.235|
MZB_A<12>      |         |         |    2.010|    2.010|
MZB_A<13>      |         |         |    2.288|    2.288|
MZB_A<14>      |         |         |    2.794|    2.794|
MZB_A<15>      |         |         |    1.847|    1.847|
MZB_A<16>      |         |         |    1.933|    1.933|
MZB_A<17>      |         |         |    2.080|    2.080|
MZB_A<18>      |         |         |    2.210|    2.210|
MZB_A<19>      |         |         |    2.079|    2.079|
MZB_A<20>      |         |         |    1.669|    1.669|
MZB_A<21>      |         |         |    0.978|    0.978|
MZB_A<22>      |         |         |    1.117|    1.117|
MZB_A<23>      |         |         |    1.669|    1.669|
---------------+---------+---------+---------+---------+

Clock to Setup on destination clock MZB_A<9>
---------------+---------+---------+---------+---------+
               | Src:Rise| Src:Fall| Src:Rise| Src:Fall|
Source Clock   |Dest:Rise|Dest:Rise|Dest:Fall|Dest:Fall|
---------------+---------+---------+---------+---------+
MZB_A<0>       |         |         |    3.301|    3.301|
MZB_A<1>       |         |         |    3.639|    3.639|
MZB_A<3>       |         |         |    2.676|    2.676|
MZB_A<4>       |         |         |    3.389|    3.389|
MZB_A<5>       |         |         |    2.424|    2.424|
MZB_A<6>       |         |         |    2.552|    2.552|
MZB_A<7>       |         |         |    2.533|    2.533|
MZB_A<8>       |         |         |    2.549|    2.549|
MZB_A<9>       |         |         |    1.807|    1.807|
MZB_A<10>      |         |         |    2.137|    2.137|
MZB_A<11>      |         |         |    1.829|    1.829|
MZB_A<12>      |         |         |    2.604|    2.604|
MZB_A<13>      |         |         |    2.882|    2.882|
MZB_A<14>      |         |         |    3.388|    3.388|
MZB_A<15>      |         |         |    2.441|    2.441|
MZB_A<16>      |         |         |    2.527|    2.527|
MZB_A<17>      |         |         |    2.674|    2.674|
MZB_A<18>      |         |         |    2.804|    2.804|
MZB_A<19>      |         |         |    2.673|    2.673|
MZB_A<20>      |         |         |    2.263|    2.263|
MZB_A<21>      |         |         |    1.572|    1.572|
MZB_A<22>      |         |         |    1.711|    1.711|
MZB_A<23>      |         |         |    2.263|    2.263|
---------------+---------+---------+---------+---------+

Clock to Setup on destination clock MZB_A<10>
---------------+---------+---------+---------+---------+
               | Src:Rise| Src:Fall| Src:Rise| Src:Fall|
Source Clock   |Dest:Rise|Dest:Rise|Dest:Fall|Dest:Fall|
---------------+---------+---------+---------+---------+
MZB_A<0>       |         |         |    3.037|    3.037|
MZB_A<1>       |         |         |    3.375|    3.375|
MZB_A<3>       |         |         |    2.412|    2.412|
MZB_A<4>       |         |         |    3.125|    3.125|
MZB_A<5>       |         |         |    2.160|    2.160|
MZB_A<6>       |         |         |    2.288|    2.288|
MZB_A<7>       |         |         |    2.269|    2.269|
MZB_A<8>       |         |         |    2.285|    2.285|
MZB_A<9>       |         |         |    1.543|    1.543|
MZB_A<10>      |         |         |    1.873|    1.873|
MZB_A<11>      |         |         |    1.565|    1.565|
MZB_A<12>      |         |         |    2.340|    2.340|
MZB_A<13>      |         |         |    2.618|    2.618|
MZB_A<14>      |         |         |    3.124|    3.124|
MZB_A<15>      |         |         |    2.177|    2.177|
MZB_A<16>      |         |         |    2.263|    2.263|
MZB_A<17>      |         |         |    2.410|    2.410|
MZB_A<18>      |         |         |    2.540|    2.540|
MZB_A<19>      |         |         |    2.409|    2.409|
MZB_A<20>      |         |         |    1.999|    1.999|
MZB_A<21>      |         |         |    1.308|    1.308|
MZB_A<22>      |         |         |    1.447|    1.447|
MZB_A<23>      |         |         |    1.999|    1.999|
---------------+---------+---------+---------+---------+

Clock to Setup on destination clock MZB_A<11>
---------------+---------+---------+---------+---------+
               | Src:Rise| Src:Fall| Src:Rise| Src:Fall|
Source Clock   |Dest:Rise|Dest:Rise|Dest:Fall|Dest:Fall|
---------------+---------+---------+---------+---------+
MZB_A<0>       |         |         |    3.283|    3.283|
MZB_A<1>       |         |         |    3.621|    3.621|
MZB_A<3>       |         |         |    2.658|    2.658|
MZB_A<4>       |         |         |    3.371|    3.371|
MZB_A<5>       |         |         |    2.406|    2.406|
MZB_A<6>       |         |         |    2.534|    2.534|
MZB_A<7>       |         |         |    2.515|    2.515|
MZB_A<8>       |         |         |    2.531|    2.531|
MZB_A<9>       |         |         |    1.789|    1.789|
MZB_A<10>      |         |         |    2.119|    2.119|
MZB_A<11>      |         |         |    1.811|    1.811|
MZB_A<12>      |         |         |    2.586|    2.586|
MZB_A<13>      |         |         |    2.864|    2.864|
MZB_A<14>      |         |         |    3.370|    3.370|
MZB_A<15>      |         |         |    2.423|    2.423|
MZB_A<16>      |         |         |    2.509|    2.509|
MZB_A<17>      |         |         |    2.656|    2.656|
MZB_A<18>      |         |         |    2.786|    2.786|
MZB_A<19>      |         |         |    2.655|    2.655|
MZB_A<20>      |         |         |    2.245|    2.245|
MZB_A<21>      |         |         |    1.554|    1.554|
MZB_A<22>      |         |         |    1.693|    1.693|
MZB_A<23>      |         |         |    2.245|    2.245|
---------------+---------+---------+---------+---------+

Clock to Setup on destination clock MZB_A<12>
---------------+---------+---------+---------+---------+
               | Src:Rise| Src:Fall| Src:Rise| Src:Fall|
Source Clock   |Dest:Rise|Dest:Rise|Dest:Fall|Dest:Fall|
---------------+---------+---------+---------+---------+
MZB_A<0>       |         |         |    2.663|    2.663|
MZB_A<1>       |         |         |    3.001|    3.001|
MZB_A<3>       |         |         |    2.038|    2.038|
MZB_A<4>       |         |         |    2.751|    2.751|
MZB_A<5>       |         |         |    1.786|    1.786|
MZB_A<6>       |         |         |    1.914|    1.914|
MZB_A<7>       |         |         |    1.895|    1.895|
MZB_A<8>       |         |         |    1.911|    1.911|
MZB_A<9>       |         |         |    1.169|    1.169|
MZB_A<10>      |         |         |    1.499|    1.499|
MZB_A<11>      |         |         |    1.191|    1.191|
MZB_A<12>      |         |         |    1.966|    1.966|
MZB_A<13>      |         |         |    2.244|    2.244|
MZB_A<14>      |         |         |    2.750|    2.750|
MZB_A<15>      |         |         |    1.803|    1.803|
MZB_A<16>      |         |         |    1.889|    1.889|
MZB_A<17>      |         |         |    2.036|    2.036|
MZB_A<18>      |         |         |    2.166|    2.166|
MZB_A<19>      |         |         |    2.035|    2.035|
MZB_A<20>      |         |         |    1.625|    1.625|
MZB_A<21>      |         |         |    0.934|    0.934|
MZB_A<22>      |         |         |    1.073|    1.073|
MZB_A<23>      |         |         |    1.625|    1.625|
---------------+---------+---------+---------+---------+

Clock to Setup on destination clock MZB_A<13>
---------------+---------+---------+---------+---------+
               | Src:Rise| Src:Fall| Src:Rise| Src:Fall|
Source Clock   |Dest:Rise|Dest:Rise|Dest:Fall|Dest:Fall|
---------------+---------+---------+---------+---------+
MZB_A<0>       |         |         |    2.441|    2.441|
MZB_A<1>       |         |         |    2.779|    2.779|
MZB_A<3>       |         |         |    1.816|    1.816|
MZB_A<4>       |         |         |    2.529|    2.529|
MZB_A<5>       |         |         |    1.564|    1.564|
MZB_A<6>       |         |         |    1.692|    1.692|
MZB_A<7>       |         |         |    1.673|    1.673|
MZB_A<8>       |         |         |    1.689|    1.689|
MZB_A<9>       |         |         |    0.947|    0.947|
MZB_A<10>      |         |         |    1.277|    1.277|
MZB_A<11>      |         |         |    0.969|    0.969|
MZB_A<12>      |         |         |    1.744|    1.744|
MZB_A<13>      |         |         |    2.022|    2.022|
MZB_A<14>      |         |         |    2.528|    2.528|
MZB_A<15>      |         |         |    1.581|    1.581|
MZB_A<16>      |         |         |    1.667|    1.667|
MZB_A<17>      |         |         |    1.814|    1.814|
MZB_A<18>      |         |         |    1.944|    1.944|
MZB_A<19>      |         |         |    1.813|    1.813|
MZB_A<20>      |         |         |    1.403|    1.403|
MZB_A<21>      |         |         |    0.712|    0.712|
MZB_A<22>      |         |         |    0.851|    0.851|
MZB_A<23>      |         |         |    1.403|    1.403|
---------------+---------+---------+---------+---------+

Clock to Setup on destination clock MZB_A<14>
---------------+---------+---------+---------+---------+
               | Src:Rise| Src:Fall| Src:Rise| Src:Fall|
Source Clock   |Dest:Rise|Dest:Rise|Dest:Fall|Dest:Fall|
---------------+---------+---------+---------+---------+
MZB_A<0>       |         |         |    2.036|    2.036|
MZB_A<1>       |         |         |    2.374|    2.374|
MZB_A<3>       |         |         |    1.411|    1.411|
MZB_A<4>       |         |         |    2.124|    2.124|
MZB_A<5>       |         |         |    1.159|    1.159|
MZB_A<6>       |         |         |    1.287|    1.287|
MZB_A<7>       |         |         |    1.268|    1.268|
MZB_A<8>       |         |         |    1.284|    1.284|
MZB_A<9>       |         |         |    0.542|    0.542|
MZB_A<10>      |         |         |    0.872|    0.872|
MZB_A<11>      |         |         |    0.564|    0.564|
MZB_A<12>      |         |         |    1.339|    1.339|
MZB_A<13>      |         |         |    1.617|    1.617|
MZB_A<14>      |         |         |    2.123|    2.123|
MZB_A<15>      |         |         |    1.176|    1.176|
MZB_A<16>      |         |         |    1.262|    1.262|
MZB_A<17>      |         |         |    1.409|    1.409|
MZB_A<18>      |         |         |    1.539|    1.539|
MZB_A<19>      |         |         |    1.408|    1.408|
MZB_A<20>      |         |         |    0.998|    0.998|
MZB_A<21>      |         |         |    0.307|    0.307|
MZB_A<22>      |         |         |    0.446|    0.446|
MZB_A<23>      |         |         |    0.998|    0.998|
---------------+---------+---------+---------+---------+

Clock to Setup on destination clock MZB_A<15>
---------------+---------+---------+---------+---------+
               | Src:Rise| Src:Fall| Src:Rise| Src:Fall|
Source Clock   |Dest:Rise|Dest:Rise|Dest:Fall|Dest:Fall|
---------------+---------+---------+---------+---------+
MZB_A<0>       |         |         |    2.794|    2.794|
MZB_A<1>       |         |         |    3.132|    3.132|
MZB_A<3>       |         |         |    2.169|    2.169|
MZB_A<4>       |         |         |    2.882|    2.882|
MZB_A<5>       |         |         |    1.917|    1.917|
MZB_A<6>       |         |         |    2.045|    2.045|
MZB_A<7>       |         |         |    2.026|    2.026|
MZB_A<8>       |         |         |    2.042|    2.042|
MZB_A<9>       |         |         |    1.300|    1.300|
MZB_A<10>      |         |         |    1.630|    1.630|
MZB_A<11>      |         |         |    1.322|    1.322|
MZB_A<12>      |         |         |    2.097|    2.097|
MZB_A<13>      |         |         |    2.375|    2.375|
MZB_A<14>      |         |         |    2.881|    2.881|
MZB_A<15>      |         |         |    1.934|    1.934|
MZB_A<16>      |         |         |    2.020|    2.020|
MZB_A<17>      |         |         |    2.167|    2.167|
MZB_A<18>      |         |         |    2.297|    2.297|
MZB_A<19>      |         |         |    2.166|    2.166|
MZB_A<20>      |         |         |    1.756|    1.756|
MZB_A<21>      |         |         |    1.065|    1.065|
MZB_A<22>      |         |         |    1.204|    1.204|
MZB_A<23>      |         |         |    1.756|    1.756|
---------------+---------+---------+---------+---------+

Clock to Setup on destination clock MZB_A<16>
---------------+---------+---------+---------+---------+
               | Src:Rise| Src:Fall| Src:Rise| Src:Fall|
Source Clock   |Dest:Rise|Dest:Rise|Dest:Fall|Dest:Fall|
---------------+---------+---------+---------+---------+
MZB_A<0>       |         |         |    2.725|    2.725|
MZB_A<1>       |         |         |    3.063|    3.063|
MZB_A<3>       |         |         |    2.100|    2.100|
MZB_A<4>       |         |         |    2.813|    2.813|
MZB_A<5>       |         |         |    1.848|    1.848|
MZB_A<6>       |         |         |    1.976|    1.976|
MZB_A<7>       |         |         |    1.957|    1.957|
MZB_A<8>       |         |         |    1.973|    1.973|
MZB_A<9>       |         |         |    1.231|    1.231|
MZB_A<10>      |         |         |    1.561|    1.561|
MZB_A<11>      |         |         |    1.253|    1.253|
MZB_A<12>      |         |         |    2.028|    2.028|
MZB_A<13>      |         |         |    2.306|    2.306|
MZB_A<14>      |         |         |    2.812|    2.812|
MZB_A<15>      |         |         |    1.865|    1.865|
MZB_A<16>      |         |         |    1.951|    1.951|
MZB_A<17>      |         |         |    2.098|    2.098|
MZB_A<18>      |         |         |    2.228|    2.228|
MZB_A<19>      |         |         |    2.097|    2.097|
MZB_A<20>      |         |         |    1.687|    1.687|
MZB_A<21>      |         |         |    0.996|    0.996|
MZB_A<22>      |         |         |    1.135|    1.135|
MZB_A<23>      |         |         |    1.687|    1.687|
---------------+---------+---------+---------+---------+

Clock to Setup on destination clock MZB_A<17>
---------------+---------+---------+---------+---------+
               | Src:Rise| Src:Fall| Src:Rise| Src:Fall|
Source Clock   |Dest:Rise|Dest:Rise|Dest:Fall|Dest:Fall|
---------------+---------+---------+---------+---------+
MZB_A<0>       |         |         |    2.608|    2.608|
MZB_A<1>       |         |         |    2.946|    2.946|
MZB_A<3>       |         |         |    1.983|    1.983|
MZB_A<4>       |         |         |    2.696|    2.696|
MZB_A<5>       |         |         |    1.731|    1.731|
MZB_A<6>       |         |         |    1.859|    1.859|
MZB_A<7>       |         |         |    1.840|    1.840|
MZB_A<8>       |         |         |    1.856|    1.856|
MZB_A<9>       |         |         |    1.114|    1.114|
MZB_A<10>      |         |         |    1.444|    1.444|
MZB_A<11>      |         |         |    1.136|    1.136|
MZB_A<12>      |         |         |    1.911|    1.911|
MZB_A<13>      |         |         |    2.189|    2.189|
MZB_A<14>      |         |         |    2.695|    2.695|
MZB_A<15>      |         |         |    1.748|    1.748|
MZB_A<16>      |         |         |    1.834|    1.834|
MZB_A<17>      |         |         |    1.981|    1.981|
MZB_A<18>      |         |         |    2.111|    2.111|
MZB_A<19>      |         |         |    1.980|    1.980|
MZB_A<20>      |         |         |    1.570|    1.570|
MZB_A<21>      |         |         |    0.879|    0.879|
MZB_A<22>      |         |         |    1.018|    1.018|
MZB_A<23>      |         |         |    1.570|    1.570|
---------------+---------+---------+---------+---------+

Clock to Setup on destination clock MZB_A<18>
---------------+---------+---------+---------+---------+
               | Src:Rise| Src:Fall| Src:Rise| Src:Fall|
Source Clock   |Dest:Rise|Dest:Rise|Dest:Fall|Dest:Fall|
---------------+---------+---------+---------+---------+
MZB_A<0>       |         |         |    2.503|    2.503|
MZB_A<1>       |         |         |    2.841|    2.841|
MZB_A<3>       |         |         |    1.878|    1.878|
MZB_A<4>       |         |         |    2.591|    2.591|
MZB_A<5>       |         |         |    1.626|    1.626|
MZB_A<6>       |         |         |    1.754|    1.754|
MZB_A<7>       |         |         |    1.735|    1.735|
MZB_A<8>       |         |         |    1.751|    1.751|
MZB_A<9>       |         |         |    1.009|    1.009|
MZB_A<10>      |         |         |    1.339|    1.339|
MZB_A<11>      |         |         |    1.031|    1.031|
MZB_A<12>      |         |         |    1.806|    1.806|
MZB_A<13>      |         |         |    2.084|    2.084|
MZB_A<14>      |         |         |    2.590|    2.590|
MZB_A<15>      |         |         |    1.643|    1.643|
MZB_A<16>      |         |         |    1.729|    1.729|
MZB_A<17>      |         |         |    1.876|    1.876|
MZB_A<18>      |         |         |    2.006|    2.006|
MZB_A<19>      |         |         |    1.875|    1.875|
MZB_A<20>      |         |         |    1.465|    1.465|
MZB_A<21>      |         |         |    0.774|    0.774|
MZB_A<22>      |         |         |    0.913|    0.913|
MZB_A<23>      |         |         |    1.465|    1.465|
---------------+---------+---------+---------+---------+

Clock to Setup on destination clock MZB_A<19>
---------------+---------+---------+---------+---------+
               | Src:Rise| Src:Fall| Src:Rise| Src:Fall|
Source Clock   |Dest:Rise|Dest:Rise|Dest:Fall|Dest:Fall|
---------------+---------+---------+---------+---------+
MZB_A<0>       |         |         |    2.608|    2.608|
MZB_A<1>       |         |         |    2.946|    2.946|
MZB_A<3>       |         |         |    1.983|    1.983|
MZB_A<4>       |         |         |    2.696|    2.696|
MZB_A<5>       |         |         |    1.731|    1.731|
MZB_A<6>       |         |         |    1.859|    1.859|
MZB_A<7>       |         |         |    1.840|    1.840|
MZB_A<8>       |         |         |    1.856|    1.856|
MZB_A<9>       |         |         |    1.114|    1.114|
MZB_A<10>      |         |         |    1.444|    1.444|
MZB_A<11>      |         |         |    1.136|    1.136|
MZB_A<12>      |         |         |    1.911|    1.911|
MZB_A<13>      |         |         |    2.189|    2.189|
MZB_A<14>      |         |         |    2.695|    2.695|
MZB_A<15>      |         |         |    1.748|    1.748|
MZB_A<16>      |         |         |    1.834|    1.834|
MZB_A<17>      |         |         |    1.981|    1.981|
MZB_A<18>      |         |         |    2.111|    2.111|
MZB_A<19>      |         |         |    1.980|    1.980|
MZB_A<20>      |         |         |    1.570|    1.570|
MZB_A<21>      |         |         |    0.879|    0.879|
MZB_A<22>      |         |         |    1.018|    1.018|
MZB_A<23>      |         |         |    1.570|    1.570|
---------------+---------+---------+---------+---------+

Clock to Setup on destination clock MZB_A<20>
---------------+---------+---------+---------+---------+
               | Src:Rise| Src:Fall| Src:Rise| Src:Fall|
Source Clock   |Dest:Rise|Dest:Rise|Dest:Fall|Dest:Fall|
---------------+---------+---------+---------+---------+
MZB_A<0>       |         |         |    2.936|    2.936|
MZB_A<1>       |         |         |    3.274|    3.274|
MZB_A<3>       |         |         |    2.311|    2.311|
MZB_A<4>       |         |         |    3.024|    3.024|
MZB_A<5>       |         |         |    2.059|    2.059|
MZB_A<6>       |         |         |    2.187|    2.187|
MZB_A<7>       |         |         |    2.168|    2.168|
MZB_A<8>       |         |         |    2.184|    2.184|
MZB_A<9>       |         |         |    1.442|    1.442|
MZB_A<10>      |         |         |    1.772|    1.772|
MZB_A<11>      |         |         |    1.464|    1.464|
MZB_A<12>      |         |         |    2.239|    2.239|
MZB_A<13>      |         |         |    2.517|    2.517|
MZB_A<14>      |         |         |    3.023|    3.023|
MZB_A<15>      |         |         |    2.076|    2.076|
MZB_A<16>      |         |         |    2.162|    2.162|
MZB_A<17>      |         |         |    2.309|    2.309|
MZB_A<18>      |         |         |    2.439|    2.439|
MZB_A<19>      |         |         |    2.308|    2.308|
MZB_A<20>      |         |         |    1.898|    1.898|
MZB_A<21>      |         |         |    1.207|    1.207|
MZB_A<22>      |         |         |    1.346|    1.346|
MZB_A<23>      |         |         |    1.898|    1.898|
---------------+---------+---------+---------+---------+

Clock to Setup on destination clock MZB_A<21>
---------------+---------+---------+---------+---------+
               | Src:Rise| Src:Fall| Src:Rise| Src:Fall|
Source Clock   |Dest:Rise|Dest:Rise|Dest:Fall|Dest:Fall|
---------------+---------+---------+---------+---------+
MZB_A<0>       |         |         |    3.488|    3.488|
MZB_A<1>       |         |         |    3.826|    3.826|
MZB_A<3>       |         |         |    2.863|    2.863|
MZB_A<4>       |         |         |    3.576|    3.576|
MZB_A<5>       |         |         |    2.611|    2.611|
MZB_A<6>       |         |         |    2.739|    2.739|
MZB_A<7>       |         |         |    2.720|    2.720|
MZB_A<8>       |         |         |    2.736|    2.736|
MZB_A<9>       |         |         |    1.994|    1.994|
MZB_A<10>      |         |         |    2.324|    2.324|
MZB_A<11>      |         |         |    2.016|    2.016|
MZB_A<12>      |         |         |    2.791|    2.791|
MZB_A<13>      |         |         |    3.069|    3.069|
MZB_A<14>      |         |         |    3.575|    3.575|
MZB_A<15>      |         |         |    2.628|    2.628|
MZB_A<16>      |         |         |    2.714|    2.714|
MZB_A<17>      |         |         |    2.861|    2.861|
MZB_A<18>      |         |         |    2.991|    2.991|
MZB_A<19>      |         |         |    2.860|    2.860|
MZB_A<20>      |         |         |    2.450|    2.450|
MZB_A<21>      |         |         |    1.759|    1.759|
MZB_A<22>      |         |         |    1.898|    1.898|
MZB_A<23>      |         |         |    2.450|    2.450|
---------------+---------+---------+---------+---------+

Clock to Setup on destination clock MZB_A<22>
---------------+---------+---------+---------+---------+
               | Src:Rise| Src:Fall| Src:Rise| Src:Fall|
Source Clock   |Dest:Rise|Dest:Rise|Dest:Fall|Dest:Fall|
---------------+---------+---------+---------+---------+
MZB_A<0>       |         |         |    3.377|    3.377|
MZB_A<1>       |         |         |    3.715|    3.715|
MZB_A<3>       |         |         |    2.752|    2.752|
MZB_A<4>       |         |         |    3.465|    3.465|
MZB_A<5>       |         |         |    2.500|    2.500|
MZB_A<6>       |         |         |    2.628|    2.628|
MZB_A<7>       |         |         |    2.609|    2.609|
MZB_A<8>       |         |         |    2.625|    2.625|
MZB_A<9>       |         |         |    1.883|    1.883|
MZB_A<10>      |         |         |    2.213|    2.213|
MZB_A<11>      |         |         |    1.905|    1.905|
MZB_A<12>      |         |         |    2.680|    2.680|
MZB_A<13>      |         |         |    2.958|    2.958|
MZB_A<14>      |         |         |    3.464|    3.464|
MZB_A<15>      |         |         |    2.517|    2.517|
MZB_A<16>      |         |         |    2.603|    2.603|
MZB_A<17>      |         |         |    2.750|    2.750|
MZB_A<18>      |         |         |    2.880|    2.880|
MZB_A<19>      |         |         |    2.749|    2.749|
MZB_A<20>      |         |         |    2.339|    2.339|
MZB_A<21>      |         |         |    1.648|    1.648|
MZB_A<22>      |         |         |    1.787|    1.787|
MZB_A<23>      |         |         |    2.339|    2.339|
---------------+---------+---------+---------+---------+

Clock to Setup on destination clock MZB_A<23>
---------------+---------+---------+---------+---------+
               | Src:Rise| Src:Fall| Src:Rise| Src:Fall|
Source Clock   |Dest:Rise|Dest:Rise|Dest:Fall|Dest:Fall|
---------------+---------+---------+---------+---------+
MZB_A<0>       |         |         |    2.936|    2.936|
MZB_A<1>       |         |         |    3.274|    3.274|
MZB_A<3>       |         |         |    2.311|    2.311|
MZB_A<4>       |         |         |    3.024|    3.024|
MZB_A<5>       |         |         |    2.059|    2.059|
MZB_A<6>       |         |         |    2.187|    2.187|
MZB_A<7>       |         |         |    2.168|    2.168|
MZB_A<8>       |         |         |    2.184|    2.184|
MZB_A<9>       |         |         |    1.442|    1.442|
MZB_A<10>      |         |         |    1.772|    1.772|
MZB_A<11>      |         |         |    1.464|    1.464|
MZB_A<12>      |         |         |    2.239|    2.239|
MZB_A<13>      |         |         |    2.517|    2.517|
MZB_A<14>      |         |         |    3.023|    3.023|
MZB_A<15>      |         |         |    2.076|    2.076|
MZB_A<16>      |         |         |    2.162|    2.162|
MZB_A<17>      |         |         |    2.309|    2.309|
MZB_A<18>      |         |         |    2.439|    2.439|
MZB_A<19>      |         |         |    2.308|    2.308|
MZB_A<20>      |         |         |    1.898|    1.898|
MZB_A<21>      |         |         |    1.207|    1.207|
MZB_A<22>      |         |         |    1.346|    1.346|
MZB_A<23>      |         |         |    1.898|    1.898|
---------------+---------+---------+---------+---------+

Pad to Pad
---------------+----------------+---------+
Source Pad     |Destination Pad |  Delay  |
---------------+----------------+---------+
MZB_A<0>       |ACC_PORT_PIN<15>|   10.014|
MZB_A<1>       |ACC_PORT_PIN<16>|   10.358|
MZB_A<2>       |ACC_PORT_PIN<17>|   10.497|
MZB_A<3>       |ACC_PORT_PIN<18>|   11.042|
MZB_A<4>       |ACC_PORT_PIN<19>|   11.351|
MZB_A<5>       |ACC_PORT_PIN<20>|   11.483|
MZB_A<6>       |ACC_PORT_PIN<21>|    9.703|
MZB_A<7>       |ACC_PORT_PIN<22>|    9.223|
MZB_CPLD_AS    |ACC_PORT_PIN<31>|   11.171|
MZB_CPLD_AS    |MZB_D<0>        |    9.875|
MZB_CPLD_AS    |MZB_D<1>        |    9.561|
MZB_CPLD_AS    |MZB_D<2>        |   10.597|
MZB_CPLD_AS    |MZB_D<3>        |   10.282|
MZB_CPLD_AS    |MZB_D<4>        |   11.326|
MZB_CPLD_AS    |MZB_D<5>        |   10.645|
MZB_CPLD_AS    |MZB_D<6>        |   11.694|
MZB_CPLD_AS    |MZB_D<7>        |   12.454|
MZB_CPLD_AS    |MZB_D<8>        |   12.762|
MZB_CPLD_AS    |MZB_D<9>        |   12.825|
MZB_CPLD_AS    |MZB_D<10>       |   13.474|
MZB_CPLD_AS    |MZB_D<11>       |   12.826|
MZB_CPLD_AS    |MZB_D<12>       |   13.204|
MZB_CPLD_AS    |MZB_D<13>       |   13.205|
MZB_CPLD_AS    |MZB_D<14>       |   13.574|
MZB_CPLD_AS    |MZB_D<15>       |   13.924|
MZB_CPLD_AS    |MZB_D<16>       |    9.147|
MZB_CPLD_AS    |MZB_D<17>       |    9.200|
MZB_CPLD_AS    |MZB_D<18>       |    9.147|
MZB_CPLD_AS    |MZB_D<19>       |   10.236|
MZB_CPLD_AS    |MZB_D<20>       |    9.875|
MZB_CPLD_AS    |MZB_D<21>       |   10.283|
MZB_CPLD_AS    |MZB_D<22>       |   10.957|
MZB_CPLD_AS    |MZB_D<23>       |   11.328|
MZB_CPLD_AS    |MZB_D<24>       |   11.005|
MZB_CPLD_AS    |MZB_D<25>       |   11.346|
MZB_CPLD_AS    |MZB_D<26>       |   12.071|
MZB_CPLD_AS    |MZB_D<27>       |   12.086|
MZB_CPLD_AS    |MZB_D<28>       |   12.455|
MZB_CPLD_AS    |MZB_D<29>       |   13.203|
MZB_CPLD_AS    |MZB_D<30>       |   13.816|
MZB_CPLD_AS    |MZB_D<31>       |   13.573|
MZB_CPLD_BE0_B |ACC_PORT_PIN<34>|   12.157|
MZB_CPLD_BE1_B |ACC_PORT_PIN<35>|   13.233|
MZB_CPLD_BE2_B |ACC_PORT_PIN<36>|   14.121|
MZB_CPLD_BE3_B |ACC_PORT_PIN<37>|   13.072|
MZB_CPLD_CLK0  |ACC_PORT_PIN<9> |   10.042|
MZB_CPLD_CLK0  |ACC_PORT_PIN<10>|   10.547|
MZB_CPLD_RS5_B |ACC_PORT_PIN<33>|    9.656|
MZB_CPLD_RS5_B |MZB_D<0>        |   10.719|
MZB_CPLD_RS5_B |MZB_D<1>        |   10.405|
MZB_CPLD_RS5_B |MZB_D<2>        |   11.441|
MZB_CPLD_RS5_B |MZB_D<3>        |   11.126|
MZB_CPLD_RS5_B |MZB_D<4>        |   12.170|
MZB_CPLD_RS5_B |MZB_D<5>        |   11.489|
MZB_CPLD_RS5_B |MZB_D<6>        |   12.538|
MZB_CPLD_RS5_B |MZB_D<7>        |   13.298|
MZB_CPLD_RS5_B |MZB_D<8>        |   13.606|
MZB_CPLD_RS5_B |MZB_D<9>        |   13.669|
MZB_CPLD_RS5_B |MZB_D<10>       |   14.318|
MZB_CPLD_RS5_B |MZB_D<11>       |   13.670|
MZB_CPLD_RS5_B |MZB_D<12>       |   14.048|
MZB_CPLD_RS5_B |MZB_D<13>       |   14.049|
MZB_CPLD_RS5_B |MZB_D<14>       |   14.418|
MZB_CPLD_RS5_B |MZB_D<15>       |   14.768|
MZB_CPLD_RS5_B |MZB_D<16>       |    9.991|
MZB_CPLD_RS5_B |MZB_D<17>       |   10.044|
MZB_CPLD_RS5_B |MZB_D<18>       |    9.991|
MZB_CPLD_RS5_B |MZB_D<19>       |   11.080|
MZB_CPLD_RS5_B |MZB_D<20>       |   10.719|
MZB_CPLD_RS5_B |MZB_D<21>       |   11.127|
MZB_CPLD_RS5_B |MZB_D<22>       |   11.801|
MZB_CPLD_RS5_B |MZB_D<23>       |   12.172|
MZB_CPLD_RS5_B |MZB_D<24>       |   11.849|
MZB_CPLD_RS5_B |MZB_D<25>       |   12.190|
MZB_CPLD_RS5_B |MZB_D<26>       |   12.915|
MZB_CPLD_RS5_B |MZB_D<27>       |   12.930|
MZB_CPLD_RS5_B |MZB_D<28>       |   13.299|
MZB_CPLD_RS5_B |MZB_D<29>       |   14.047|
MZB_CPLD_RS5_B |MZB_D<30>       |   14.660|
MZB_CPLD_RS5_B |MZB_D<31>       |   14.417|
MZB_CPLD_WS5_B |ACC_PORT_PIN<32>|    9.384|
MZB_D<0>       |ACC_PORT_PIN<23>|    9.713|
MZB_D<1>       |ACC_PORT_PIN<24>|    9.380|
MZB_D<2>       |ACC_PORT_PIN<25>|   10.800|
MZB_D<3>       |ACC_PORT_PIN<26>|   10.538|
MZB_D<4>       |ACC_PORT_PIN<27>|   14.430|
MZB_D<5>       |ACC_PORT_PIN<28>|   10.553|
MZB_D<6>       |ACC_PORT_PIN<29>|   14.882|
MZB_D<7>       |ACC_PORT_PIN<30>|   11.137|
PB<0>          |MZB_CPLD_IRQ    |   13.627|
---------------+----------------+---------+


Analysis completed Mon Mar 05 19:36:40 2012 
--------------------------------------------------------------------------------

Trace Settings:
-------------------------
Trace Settings 

Peak Memory Usage: 163 MB



