--------------------------------------------------------------------------------
Release 12.4 Trace  (nt64)
Copyright (c) 1995-2010 Xilinx, Inc.  All rights reserved.

C:\Xilinx\12.4\ISE_DS\ISE\bin\nt64\unwrapped\trce.exe -filter
C:/vmware-shared/ece453/l5/fpga/lab5Katelyn/iseconfig/filter.filter -intstyle
ise -v 3 -s 4 -n 3 -fastpaths -xml ece453_top_level.twx ece453_top_level.ncd -o
ece453_top_level.twr ece453_top_level.pcf -ucf ece453_TLL5000_spring2012.ucf

Design file:              ece453_top_level.ncd
Physical constraint file: ece453_top_level.pcf
Device,package,speed:     xc3s1500,fg676,-4 (PRODUCTION 1.39 2010-11-18)
Report level:             verbose report

Environment Variable      Effect 
--------------------      ------ 
NONE                      No environment variables were set
--------------------------------------------------------------------------------

INFO:Timing:2698 - No timing constraints found, doing default enumeration.
INFO:Timing:2752 - To get complete path coverage, use the unconstrained paths 
   option. All paths that are not constrained will be reported in the 
   unconstrained paths section(s) of the report.
INFO:Timing:3339 - The clock-to-out numbers in this timing report are based on 
   a 50 Ohm transmission line loading model.  For the details of this model, 
   and for more information on accounting for different loading conditions, 
   please see the device datasheet.
INFO:Timing:3390 - This architecture does not support a default System Jitter 
   value, please add SYSTEM_JITTER constraint to the UCF to modify the Clock 
   Uncertainty calculation.
INFO:Timing:3389 - This architecture does not support 'Discrete Jitter' and 
   'Phase Error' calculations, these terms will be zero in the Clock 
   Uncertainty calculation.  Please make appropriate modification to 
   SYSTEM_JITTER to account for the unsupported Discrete Jitter and Phase 
   Error.



Data Sheet report:
-----------------
All values displayed in nanoseconds (ns)

Setup/Hold to clock FPGA_CLK1
--------------+------------+------------+------------------+--------+
              |Max Setup to|Max Hold to |                  | Clock  |
Source        | clk (edge) | clk (edge) |Internal Clock(s) | Phase  |
--------------+------------+------------+------------------+--------+
MZB_CPLD_AS   |    2.975(R)|   -1.563(R)|FPGA_CLK1_BUFGP   |   0.000|
MZB_CPLD_RS5_B|    2.654(R)|   -1.323(R)|FPGA_CLK1_BUFGP   |   0.000|
MZB_CPLD_WS5_B|    1.970(R)|   -0.758(R)|FPGA_CLK1_BUFGP   |   0.000|
MZB_D<0>      |    2.446(R)|   -0.521(R)|FPGA_CLK1_BUFGP   |   0.000|
MZB_D<1>      |    1.837(R)|   -0.307(R)|FPGA_CLK1_BUFGP   |   0.000|
MZB_D<2>      |    1.307(R)|    0.116(R)|FPGA_CLK1_BUFGP   |   0.000|
MZB_D<3>      |    1.560(R)|   -0.078(R)|FPGA_CLK1_BUFGP   |   0.000|
MZB_D<4>      |    0.995(R)|    0.390(R)|FPGA_CLK1_BUFGP   |   0.000|
MZB_D<5>      |    1.813(R)|   -0.273(R)|FPGA_CLK1_BUFGP   |   0.000|
MZB_D<6>      |    1.626(R)|   -0.120(R)|FPGA_CLK1_BUFGP   |   0.000|
MZB_D<7>      |    1.707(R)|   -0.208(R)|FPGA_CLK1_BUFGP   |   0.000|
MZB_D<8>      |    1.479(R)|   -0.046(R)|FPGA_CLK1_BUFGP   |   0.000|
MZB_D<9>      |    1.485(R)|   -0.049(R)|FPGA_CLK1_BUFGP   |   0.000|
MZB_D<10>     |    1.401(R)|    0.026(R)|FPGA_CLK1_BUFGP   |   0.000|
MZB_D<11>     |    1.710(R)|   -0.227(R)|FPGA_CLK1_BUFGP   |   0.000|
MZB_D<12>     |    1.372(R)|    0.073(R)|FPGA_CLK1_BUFGP   |   0.000|
MZB_D<13>     |    1.315(R)|    0.118(R)|FPGA_CLK1_BUFGP   |   0.000|
MZB_D<14>     |    1.584(R)|   -0.109(R)|FPGA_CLK1_BUFGP   |   0.000|
MZB_D<15>     |    1.947(R)|   -0.422(R)|FPGA_CLK1_BUFGP   |   0.000|
MZB_D<16>     |    1.480(R)|   -0.004(R)|FPGA_CLK1_BUFGP   |   0.000|
MZB_D<17>     |    1.220(R)|    0.204(R)|FPGA_CLK1_BUFGP   |   0.000|
MZB_D<18>     |    1.220(R)|    0.204(R)|FPGA_CLK1_BUFGP   |   0.000|
MZB_D<19>     |    1.202(R)|    0.219(R)|FPGA_CLK1_BUFGP   |   0.000|
MZB_D<20>     |    1.287(R)|    0.147(R)|FPGA_CLK1_BUFGP   |   0.000|
MZB_D<21>     |    1.032(R)|    0.351(R)|FPGA_CLK1_BUFGP   |   0.000|
MZB_D<22>     |    1.188(R)|    0.222(R)|FPGA_CLK1_BUFGP   |   0.000|
MZB_D<23>     |    1.112(R)|    0.274(R)|FPGA_CLK1_BUFGP   |   0.000|
MZB_D<24>     |    1.066(R)|    0.311(R)|FPGA_CLK1_BUFGP   |   0.000|
MZB_D<25>     |    0.803(R)|    0.515(R)|FPGA_CLK1_BUFGP   |   0.000|
MZB_D<26>     |    0.985(R)|    0.366(R)|FPGA_CLK1_BUFGP   |   0.000|
MZB_D<27>     |    1.235(R)|    0.159(R)|FPGA_CLK1_BUFGP   |   0.000|
MZB_D<28>     |    1.229(R)|    0.162(R)|FPGA_CLK1_BUFGP   |   0.000|
MZB_D<29>     |    1.767(R)|   -0.268(R)|FPGA_CLK1_BUFGP   |   0.000|
MZB_D<30>     |    1.473(R)|   -0.028(R)|FPGA_CLK1_BUFGP   |   0.000|
MZB_D<31>     |    1.606(R)|   -0.134(R)|FPGA_CLK1_BUFGP   |   0.000|
--------------+------------+------------+------------------+--------+

Setup/Hold to clock MZB_A<0>
------------+------------+------------+-----------------------------------------------+--------+
            |Max Setup to|Max Hold to |                                               | Clock  |
Source      | clk (edge) | clk (edge) |Internal Clock(s)                              | Phase  |
------------+------------+------------+-----------------------------------------------+--------+
MZB_A<2>    |   -1.710(F)|    4.022(F)|MASTER/myRegFile/rf/select_mux0000<2>1_wg_cy<5>|   0.000|
------------+------------+------------+-----------------------------------------------+--------+

Setup/Hold to clock MZB_A<1>
------------+------------+------------+-----------------------------------------------+--------+
            |Max Setup to|Max Hold to |                                               | Clock  |
Source      | clk (edge) | clk (edge) |Internal Clock(s)                              | Phase  |
------------+------------+------------+-----------------------------------------------+--------+
MZB_A<2>    |   -1.774(F)|    4.102(F)|MASTER/myRegFile/rf/select_mux0000<2>1_wg_cy<5>|   0.000|
------------+------------+------------+-----------------------------------------------+--------+

Setup/Hold to clock MZB_A<3>
------------+------------+------------+-----------------------------------------------+--------+
            |Max Setup to|Max Hold to |                                               | Clock  |
Source      | clk (edge) | clk (edge) |Internal Clock(s)                              | Phase  |
------------+------------+------------+-----------------------------------------------+--------+
MZB_A<2>    |   -0.922(F)|    3.037(F)|MASTER/myRegFile/rf/select_mux0000<2>1_wg_cy<5>|   0.000|
------------+------------+------------+-----------------------------------------------+--------+

Setup/Hold to clock MZB_A<4>
------------+------------+------------+-----------------------------------------------+--------+
            |Max Setup to|Max Hold to |                                               | Clock  |
Source      | clk (edge) | clk (edge) |Internal Clock(s)                              | Phase  |
------------+------------+------------+-----------------------------------------------+--------+
MZB_A<2>    |   -1.221(F)|    3.410(F)|MASTER/myRegFile/rf/select_mux0000<2>1_wg_cy<5>|   0.000|
------------+------------+------------+-----------------------------------------------+--------+

Setup/Hold to clock MZB_A<5>
------------+------------+------------+-----------------------------------------------+--------+
            |Max Setup to|Max Hold to |                                               | Clock  |
Source      | clk (edge) | clk (edge) |Internal Clock(s)                              | Phase  |
------------+------------+------------+-----------------------------------------------+--------+
MZB_A<2>    |   -0.529(F)|    2.546(F)|MASTER/myRegFile/rf/select_mux0000<2>1_wg_cy<5>|   0.000|
------------+------------+------------+-----------------------------------------------+--------+

Setup/Hold to clock MZB_A<6>
------------+------------+------------+-----------------------------------------------+--------+
            |Max Setup to|Max Hold to |                                               | Clock  |
Source      | clk (edge) | clk (edge) |Internal Clock(s)                              | Phase  |
------------+------------+------------+-----------------------------------------------+--------+
MZB_A<2>    |   -0.823(F)|    2.913(F)|MASTER/myRegFile/rf/select_mux0000<2>1_wg_cy<5>|   0.000|
------------+------------+------------+-----------------------------------------------+--------+

Setup/Hold to clock MZB_A<7>
------------+------------+------------+-----------------------------------------------+--------+
            |Max Setup to|Max Hold to |                                               | Clock  |
Source      | clk (edge) | clk (edge) |Internal Clock(s)                              | Phase  |
------------+------------+------------+-----------------------------------------------+--------+
MZB_A<2>    |   -0.807(F)|    2.894(F)|MASTER/myRegFile/rf/select_mux0000<2>1_wg_cy<5>|   0.000|
------------+------------+------------+-----------------------------------------------+--------+

Setup/Hold to clock MZB_A<8>
------------+------------+------------+-----------------------------------------------+--------+
            |Max Setup to|Max Hold to |                                               | Clock  |
Source      | clk (edge) | clk (edge) |Internal Clock(s)                              | Phase  |
------------+------------+------------+-----------------------------------------------+--------+
MZB_A<2>    |   -0.821(F)|    2.910(F)|MASTER/myRegFile/rf/select_mux0000<2>1_wg_cy<5>|   0.000|
------------+------------+------------+-----------------------------------------------+--------+

Setup/Hold to clock MZB_A<9>
------------+------------+------------+-----------------------------------------------+--------+
            |Max Setup to|Max Hold to |                                               | Clock  |
Source      | clk (edge) | clk (edge) |Internal Clock(s)                              | Phase  |
------------+------------+------------+-----------------------------------------------+--------+
MZB_A<2>    |   -0.227(F)|    2.168(F)|MASTER/myRegFile/rf/select_mux0000<2>1_wg_cy<5>|   0.000|
------------+------------+------------+-----------------------------------------------+--------+

Setup/Hold to clock MZB_A<10>
------------+------------+------------+-----------------------------------------------+--------+
            |Max Setup to|Max Hold to |                                               | Clock  |
Source      | clk (edge) | clk (edge) |Internal Clock(s)                              | Phase  |
------------+------------+------------+-----------------------------------------------+--------+
MZB_A<2>    |   -0.677(F)|    2.731(F)|MASTER/myRegFile/rf/select_mux0000<2>1_wg_cy<5>|   0.000|
------------+------------+------------+-----------------------------------------------+--------+

Setup/Hold to clock MZB_A<11>
------------+------------+------------+-----------------------------------------------+--------+
            |Max Setup to|Max Hold to |                                               | Clock  |
Source      | clk (edge) | clk (edge) |Internal Clock(s)                              | Phase  |
------------+------------+------------+-----------------------------------------------+--------+
MZB_A<2>    |   -0.617(F)|    2.656(F)|MASTER/myRegFile/rf/select_mux0000<2>1_wg_cy<5>|   0.000|
------------+------------+------------+-----------------------------------------------+--------+

Setup/Hold to clock MZB_A<12>
------------+------------+------------+-----------------------------------------------+--------+
            |Max Setup to|Max Hold to |                                               | Clock  |
Source      | clk (edge) | clk (edge) |Internal Clock(s)                              | Phase  |
------------+------------+------------+-----------------------------------------------+--------+
MZB_A<2>    |   -1.120(F)|    3.285(F)|MASTER/myRegFile/rf/select_mux0000<2>1_wg_cy<5>|   0.000|
------------+------------+------------+-----------------------------------------------+--------+

Setup/Hold to clock MZB_A<13>
------------+------------+------------+-----------------------------------------------+--------+
            |Max Setup to|Max Hold to |                                               | Clock  |
Source      | clk (edge) | clk (edge) |Internal Clock(s)                              | Phase  |
------------+------------+------------+-----------------------------------------------+--------+
MZB_A<2>    |   -0.634(F)|    2.677(F)|MASTER/myRegFile/rf/select_mux0000<2>1_wg_cy<5>|   0.000|
------------+------------+------------+-----------------------------------------------+--------+

Setup/Hold to clock MZB_A<14>
------------+------------+------------+-----------------------------------------------+--------+
            |Max Setup to|Max Hold to |                                               | Clock  |
Source      | clk (edge) | clk (edge) |Internal Clock(s)                              | Phase  |
------------+------------+------------+-----------------------------------------------+--------+
MZB_A<2>    |   -1.492(F)|    3.749(F)|MASTER/myRegFile/rf/select_mux0000<2>1_wg_cy<5>|   0.000|
------------+------------+------------+-----------------------------------------------+--------+

Setup/Hold to clock MZB_A<15>
------------+------------+------------+-----------------------------------------------+--------+
            |Max Setup to|Max Hold to |                                               | Clock  |
Source      | clk (edge) | clk (edge) |Internal Clock(s)                              | Phase  |
------------+------------+------------+-----------------------------------------------+--------+
MZB_A<2>    |   -0.734(F)|    2.802(F)|MASTER/myRegFile/rf/select_mux0000<2>1_wg_cy<5>|   0.000|
------------+------------+------------+-----------------------------------------------+--------+

Setup/Hold to clock MZB_A<16>
------------+------------+------------+-----------------------------------------------+--------+
            |Max Setup to|Max Hold to |                                               | Clock  |
Source      | clk (edge) | clk (edge) |Internal Clock(s)                              | Phase  |
------------+------------+------------+-----------------------------------------------+--------+
MZB_A<2>    |   -0.803(F)|    2.888(F)|MASTER/myRegFile/rf/select_mux0000<2>1_wg_cy<5>|   0.000|
------------+------------+------------+-----------------------------------------------+--------+

Setup/Hold to clock MZB_A<17>
------------+------------+------------+-----------------------------------------------+--------+
            |Max Setup to|Max Hold to |                                               | Clock  |
Source      | clk (edge) | clk (edge) |Internal Clock(s)                              | Phase  |
------------+------------+------------+-----------------------------------------------+--------+
MZB_A<2>    |   -0.920(F)|    3.035(F)|MASTER/myRegFile/rf/select_mux0000<2>1_wg_cy<5>|   0.000|
------------+------------+------------+-----------------------------------------------+--------+

Setup/Hold to clock MZB_A<18>
------------+------------+------------+-----------------------------------------------+--------+
            |Max Setup to|Max Hold to |                                               | Clock  |
Source      | clk (edge) | clk (edge) |Internal Clock(s)                              | Phase  |
------------+------------+------------+-----------------------------------------------+--------+
MZB_A<2>    |   -0.629(F)|    2.671(F)|MASTER/myRegFile/rf/select_mux0000<2>1_wg_cy<5>|   0.000|
------------+------------+------------+-----------------------------------------------+--------+

Setup/Hold to clock MZB_A<19>
------------+------------+------------+-----------------------------------------------+--------+
            |Max Setup to|Max Hold to |                                               | Clock  |
Source      | clk (edge) | clk (edge) |Internal Clock(s)                              | Phase  |
------------+------------+------------+-----------------------------------------------+--------+
MZB_A<2>    |   -0.920(F)|    3.034(F)|MASTER/myRegFile/rf/select_mux0000<2>1_wg_cy<5>|   0.000|
------------+------------+------------+-----------------------------------------------+--------+

Setup/Hold to clock MZB_A<20>
------------+------------+------------+-----------------------------------------------+--------+
            |Max Setup to|Max Hold to |                                               | Clock  |
Source      | clk (edge) | clk (edge) |Internal Clock(s)                              | Phase  |
------------+------------+------------+-----------------------------------------------+--------+
MZB_A<2>    |   -0.592(F)|    2.624(F)|MASTER/myRegFile/rf/select_mux0000<2>1_wg_cy<5>|   0.000|
------------+------------+------------+-----------------------------------------------+--------+

Setup/Hold to clock MZB_A<21>
------------+------------+------------+-----------------------------------------------+--------+
            |Max Setup to|Max Hold to |                                               | Clock  |
Source      | clk (edge) | clk (edge) |Internal Clock(s)                              | Phase  |
------------+------------+------------+-----------------------------------------------+--------+
MZB_A<2>    |   -0.292(F)|    2.249(F)|MASTER/myRegFile/rf/select_mux0000<2>1_wg_cy<5>|   0.000|
------------+------------+------------+-----------------------------------------------+--------+

Setup/Hold to clock MZB_A<22>
------------+------------+------------+-----------------------------------------------+--------+
            |Max Setup to|Max Hold to |                                               | Clock  |
Source      | clk (edge) | clk (edge) |Internal Clock(s)                              | Phase  |
------------+------------+------------+-----------------------------------------------+--------+
MZB_A<2>    |   -0.151(F)|    2.072(F)|MASTER/myRegFile/rf/select_mux0000<2>1_wg_cy<5>|   0.000|
------------+------------+------------+-----------------------------------------------+--------+

Setup/Hold to clock MZB_A<23>
------------+------------+------------+-----------------------------------------------+--------+
            |Max Setup to|Max Hold to |                                               | Clock  |
Source      | clk (edge) | clk (edge) |Internal Clock(s)                              | Phase  |
------------+------------+------------+-----------------------------------------------+--------+
MZB_A<2>    |   -0.592(F)|    2.624(F)|MASTER/myRegFile/rf/select_mux0000<2>1_wg_cy<5>|   0.000|
------------+------------+------------+-----------------------------------------------+--------+

Clock FPGA_CLK1 to Pad
------------+------------+------------------+--------+
            | clk (edge) |                  | Clock  |
Destination |   to PAD   |Internal Clock(s) | Phase  |
------------+------------+------------------+--------+
LED<0>      |   11.472(R)|FPGA_CLK1_BUFGP   |   0.000|
LED<1>      |   12.178(R)|FPGA_CLK1_BUFGP   |   0.000|
LED<2>      |   10.989(R)|FPGA_CLK1_BUFGP   |   0.000|
LED<3>      |   11.332(R)|FPGA_CLK1_BUFGP   |   0.000|
LED<4>      |   11.198(R)|FPGA_CLK1_BUFGP   |   0.000|
LED<5>      |   11.294(R)|FPGA_CLK1_BUFGP   |   0.000|
LED<6>      |   11.372(R)|FPGA_CLK1_BUFGP   |   0.000|
LED<7>      |   12.036(R)|FPGA_CLK1_BUFGP   |   0.000|
MZB_D<0>    |   10.188(R)|FPGA_CLK1_BUFGP   |   0.000|
MZB_D<1>    |   10.253(R)|FPGA_CLK1_BUFGP   |   0.000|
MZB_D<2>    |   10.196(R)|FPGA_CLK1_BUFGP   |   0.000|
MZB_D<3>    |   10.065(R)|FPGA_CLK1_BUFGP   |   0.000|
MZB_D<4>    |    9.562(R)|FPGA_CLK1_BUFGP   |   0.000|
MZB_D<5>    |    9.748(R)|FPGA_CLK1_BUFGP   |   0.000|
MZB_D<6>    |    9.706(R)|FPGA_CLK1_BUFGP   |   0.000|
MZB_D<7>    |   10.447(R)|FPGA_CLK1_BUFGP   |   0.000|
MZB_D<8>    |    9.319(R)|FPGA_CLK1_BUFGP   |   0.000|
MZB_D<9>    |    9.672(R)|FPGA_CLK1_BUFGP   |   0.000|
MZB_D<10>   |    9.701(R)|FPGA_CLK1_BUFGP   |   0.000|
MZB_D<11>   |    9.987(R)|FPGA_CLK1_BUFGP   |   0.000|
MZB_D<12>   |    9.865(R)|FPGA_CLK1_BUFGP   |   0.000|
MZB_D<13>   |    9.828(R)|FPGA_CLK1_BUFGP   |   0.000|
MZB_D<14>   |   10.159(R)|FPGA_CLK1_BUFGP   |   0.000|
MZB_D<15>   |   10.994(R)|FPGA_CLK1_BUFGP   |   0.000|
MZB_D<16>   |    9.793(R)|FPGA_CLK1_BUFGP   |   0.000|
MZB_D<17>   |    9.980(R)|FPGA_CLK1_BUFGP   |   0.000|
MZB_D<18>   |   10.342(R)|FPGA_CLK1_BUFGP   |   0.000|
MZB_D<19>   |    9.753(R)|FPGA_CLK1_BUFGP   |   0.000|
MZB_D<20>   |    9.540(R)|FPGA_CLK1_BUFGP   |   0.000|
MZB_D<21>   |    9.430(R)|FPGA_CLK1_BUFGP   |   0.000|
MZB_D<22>   |    9.396(R)|FPGA_CLK1_BUFGP   |   0.000|
MZB_D<23>   |    9.390(R)|FPGA_CLK1_BUFGP   |   0.000|
MZB_D<24>   |    9.024(R)|FPGA_CLK1_BUFGP   |   0.000|
MZB_D<25>   |    9.370(R)|FPGA_CLK1_BUFGP   |   0.000|
MZB_D<26>   |    9.012(R)|FPGA_CLK1_BUFGP   |   0.000|
MZB_D<27>   |    9.718(R)|FPGA_CLK1_BUFGP   |   0.000|
MZB_D<28>   |    9.332(R)|FPGA_CLK1_BUFGP   |   0.000|
MZB_D<29>   |    9.685(R)|FPGA_CLK1_BUFGP   |   0.000|
MZB_D<30>   |    9.482(R)|FPGA_CLK1_BUFGP   |   0.000|
MZB_D<31>   |   10.112(R)|FPGA_CLK1_BUFGP   |   0.000|
------------+------------+------------------+--------+

Clock to Setup on destination clock FPGA_CLK1
---------------+---------+---------+---------+---------+
               | Src:Rise| Src:Fall| Src:Rise| Src:Fall|
Source Clock   |Dest:Rise|Dest:Rise|Dest:Fall|Dest:Fall|
---------------+---------+---------+---------+---------+
FPGA_CLK1      |    9.732|         |         |         |
MZB_A<0>       |         |   14.772|         |         |
MZB_A<1>       |         |   14.772|         |         |
MZB_A<3>       |         |   14.772|         |         |
MZB_A<4>       |         |   14.772|         |         |
MZB_A<5>       |         |   14.772|         |         |
MZB_A<6>       |         |   14.772|         |         |
MZB_A<7>       |         |   14.772|         |         |
MZB_A<8>       |         |   14.772|         |         |
MZB_A<9>       |         |   14.772|         |         |
MZB_A<10>      |         |   14.772|         |         |
MZB_A<11>      |         |   14.772|         |         |
MZB_A<12>      |         |   14.772|         |         |
MZB_A<13>      |         |   14.772|         |         |
MZB_A<14>      |         |   14.772|         |         |
MZB_A<15>      |         |   14.772|         |         |
MZB_A<16>      |         |   14.772|         |         |
MZB_A<17>      |         |   14.772|         |         |
MZB_A<18>      |         |   14.772|         |         |
MZB_A<19>      |         |   14.772|         |         |
MZB_A<20>      |         |   14.772|         |         |
MZB_A<21>      |         |   14.772|         |         |
MZB_A<22>      |         |   14.772|         |         |
MZB_A<23>      |         |   14.772|         |         |
---------------+---------+---------+---------+---------+

Clock to Setup on destination clock MZB_A<0>
---------------+---------+---------+---------+---------+
               | Src:Rise| Src:Fall| Src:Rise| Src:Fall|
Source Clock   |Dest:Rise|Dest:Rise|Dest:Fall|Dest:Fall|
---------------+---------+---------+---------+---------+
MZB_A<0>       |         |         |    2.178|    2.178|
MZB_A<1>       |         |         |    2.258|    2.258|
MZB_A<3>       |         |         |    1.193|    1.193|
MZB_A<4>       |         |         |    1.566|    1.566|
MZB_A<5>       |         |         |    0.702|    0.702|
MZB_A<6>       |         |         |    1.069|    1.069|
MZB_A<7>       |         |         |    1.050|    1.050|
MZB_A<8>       |         |         |    1.066|    1.066|
MZB_A<9>       |         |         |    0.324|    0.324|
MZB_A<10>      |         |         |    0.887|    0.887|
MZB_A<11>      |         |         |    0.812|    0.812|
MZB_A<12>      |         |         |    1.441|    1.441|
MZB_A<13>      |         |         |    0.833|    0.833|
MZB_A<14>      |         |         |    1.905|    1.905|
MZB_A<15>      |         |         |    0.958|    0.958|
MZB_A<16>      |         |         |    1.044|    1.044|
MZB_A<17>      |         |         |    1.191|    1.191|
MZB_A<18>      |         |         |    0.827|    0.827|
MZB_A<19>      |         |         |    1.190|    1.190|
MZB_A<20>      |         |         |    0.780|    0.780|
MZB_A<21>      |         |         |    0.405|    0.405|
MZB_A<22>      |         |         |    0.228|    0.228|
MZB_A<23>      |         |         |    0.780|    0.780|
---------------+---------+---------+---------+---------+

Clock to Setup on destination clock MZB_A<1>
---------------+---------+---------+---------+---------+
               | Src:Rise| Src:Fall| Src:Rise| Src:Fall|
Source Clock   |Dest:Rise|Dest:Rise|Dest:Fall|Dest:Fall|
---------------+---------+---------+---------+---------+
MZB_A<0>       |         |         |    2.114|    2.114|
MZB_A<1>       |         |         |    2.194|    2.194|
MZB_A<3>       |         |         |    1.129|    1.129|
MZB_A<4>       |         |         |    1.502|    1.502|
MZB_A<5>       |         |         |    0.638|    0.638|
MZB_A<6>       |         |         |    1.005|    1.005|
MZB_A<7>       |         |         |    0.986|    0.986|
MZB_A<8>       |         |         |    1.002|    1.002|
MZB_A<9>       |         |         |    0.260|    0.260|
MZB_A<10>      |         |         |    0.823|    0.823|
MZB_A<11>      |         |         |    0.748|    0.748|
MZB_A<12>      |         |         |    1.377|    1.377|
MZB_A<13>      |         |         |    0.769|    0.769|
MZB_A<14>      |         |         |    1.841|    1.841|
MZB_A<15>      |         |         |    0.894|    0.894|
MZB_A<16>      |         |         |    0.980|    0.980|
MZB_A<17>      |         |         |    1.127|    1.127|
MZB_A<18>      |         |         |    0.763|    0.763|
MZB_A<19>      |         |         |    1.126|    1.126|
MZB_A<20>      |         |         |    0.716|    0.716|
MZB_A<21>      |         |         |    0.341|    0.341|
MZB_A<22>      |         |         |    0.164|    0.164|
MZB_A<23>      |         |         |    0.716|    0.716|
---------------+---------+---------+---------+---------+

Clock to Setup on destination clock MZB_A<3>
---------------+---------+---------+---------+---------+
               | Src:Rise| Src:Fall| Src:Rise| Src:Fall|
Source Clock   |Dest:Rise|Dest:Rise|Dest:Fall|Dest:Fall|
---------------+---------+---------+---------+---------+
MZB_A<0>       |         |         |    2.966|    2.966|
MZB_A<1>       |         |         |    3.046|    3.046|
MZB_A<3>       |         |         |    1.981|    1.981|
MZB_A<4>       |         |         |    2.354|    2.354|
MZB_A<5>       |         |         |    1.490|    1.490|
MZB_A<6>       |         |         |    1.857|    1.857|
MZB_A<7>       |         |         |    1.838|    1.838|
MZB_A<8>       |         |         |    1.854|    1.854|
MZB_A<9>       |         |         |    1.112|    1.112|
MZB_A<10>      |         |         |    1.675|    1.675|
MZB_A<11>      |         |         |    1.600|    1.600|
MZB_A<12>      |         |         |    2.229|    2.229|
MZB_A<13>      |         |         |    1.621|    1.621|
MZB_A<14>      |         |         |    2.693|    2.693|
MZB_A<15>      |         |         |    1.746|    1.746|
MZB_A<16>      |         |         |    1.832|    1.832|
MZB_A<17>      |         |         |    1.979|    1.979|
MZB_A<18>      |         |         |    1.615|    1.615|
MZB_A<19>      |         |         |    1.978|    1.978|
MZB_A<20>      |         |         |    1.568|    1.568|
MZB_A<21>      |         |         |    1.193|    1.193|
MZB_A<22>      |         |         |    1.016|    1.016|
MZB_A<23>      |         |         |    1.568|    1.568|
---------------+---------+---------+---------+---------+

Clock to Setup on destination clock MZB_A<4>
---------------+---------+---------+---------+---------+
               | Src:Rise| Src:Fall| Src:Rise| Src:Fall|
Source Clock   |Dest:Rise|Dest:Rise|Dest:Fall|Dest:Fall|
---------------+---------+---------+---------+---------+
MZB_A<0>       |         |         |    2.667|    2.667|
MZB_A<1>       |         |         |    2.747|    2.747|
MZB_A<3>       |         |         |    1.682|    1.682|
MZB_A<4>       |         |         |    2.055|    2.055|
MZB_A<5>       |         |         |    1.191|    1.191|
MZB_A<6>       |         |         |    1.558|    1.558|
MZB_A<7>       |         |         |    1.539|    1.539|
MZB_A<8>       |         |         |    1.555|    1.555|
MZB_A<9>       |         |         |    0.813|    0.813|
MZB_A<10>      |         |         |    1.376|    1.376|
MZB_A<11>      |         |         |    1.301|    1.301|
MZB_A<12>      |         |         |    1.930|    1.930|
MZB_A<13>      |         |         |    1.322|    1.322|
MZB_A<14>      |         |         |    2.394|    2.394|
MZB_A<15>      |         |         |    1.447|    1.447|
MZB_A<16>      |         |         |    1.533|    1.533|
MZB_A<17>      |         |         |    1.680|    1.680|
MZB_A<18>      |         |         |    1.316|    1.316|
MZB_A<19>      |         |         |    1.679|    1.679|
MZB_A<20>      |         |         |    1.269|    1.269|
MZB_A<21>      |         |         |    0.894|    0.894|
MZB_A<22>      |         |         |    0.717|    0.717|
MZB_A<23>      |         |         |    1.269|    1.269|
---------------+---------+---------+---------+---------+

Clock to Setup on destination clock MZB_A<5>
---------------+---------+---------+---------+---------+
               | Src:Rise| Src:Fall| Src:Rise| Src:Fall|
Source Clock   |Dest:Rise|Dest:Rise|Dest:Fall|Dest:Fall|
---------------+---------+---------+---------+---------+
MZB_A<0>       |         |         |    3.359|    3.359|
MZB_A<1>       |         |         |    3.439|    3.439|
MZB_A<3>       |         |         |    2.374|    2.374|
MZB_A<4>       |         |         |    2.747|    2.747|
MZB_A<5>       |         |         |    1.883|    1.883|
MZB_A<6>       |         |         |    2.250|    2.250|
MZB_A<7>       |         |         |    2.231|    2.231|
MZB_A<8>       |         |         |    2.247|    2.247|
MZB_A<9>       |         |         |    1.505|    1.505|
MZB_A<10>      |         |         |    2.068|    2.068|
MZB_A<11>      |         |         |    1.993|    1.993|
MZB_A<12>      |         |         |    2.622|    2.622|
MZB_A<13>      |         |         |    2.014|    2.014|
MZB_A<14>      |         |         |    3.086|    3.086|
MZB_A<15>      |         |         |    2.139|    2.139|
MZB_A<16>      |         |         |    2.225|    2.225|
MZB_A<17>      |         |         |    2.372|    2.372|
MZB_A<18>      |         |         |    2.008|    2.008|
MZB_A<19>      |         |         |    2.371|    2.371|
MZB_A<20>      |         |         |    1.961|    1.961|
MZB_A<21>      |         |         |    1.586|    1.586|
MZB_A<22>      |         |         |    1.409|    1.409|
MZB_A<23>      |         |         |    1.961|    1.961|
---------------+---------+---------+---------+---------+

Clock to Setup on destination clock MZB_A<6>
---------------+---------+---------+---------+---------+
               | Src:Rise| Src:Fall| Src:Rise| Src:Fall|
Source Clock   |Dest:Rise|Dest:Rise|Dest:Fall|Dest:Fall|
---------------+---------+---------+---------+---------+
MZB_A<0>       |         |         |    3.065|    3.065|
MZB_A<1>       |         |         |    3.145|    3.145|
MZB_A<3>       |         |         |    2.080|    2.080|
MZB_A<4>       |         |         |    2.453|    2.453|
MZB_A<5>       |         |         |    1.589|    1.589|
MZB_A<6>       |         |         |    1.956|    1.956|
MZB_A<7>       |         |         |    1.937|    1.937|
MZB_A<8>       |         |         |    1.953|    1.953|
MZB_A<9>       |         |         |    1.211|    1.211|
MZB_A<10>      |         |         |    1.774|    1.774|
MZB_A<11>      |         |         |    1.699|    1.699|
MZB_A<12>      |         |         |    2.328|    2.328|
MZB_A<13>      |         |         |    1.720|    1.720|
MZB_A<14>      |         |         |    2.792|    2.792|
MZB_A<15>      |         |         |    1.845|    1.845|
MZB_A<16>      |         |         |    1.931|    1.931|
MZB_A<17>      |         |         |    2.078|    2.078|
MZB_A<18>      |         |         |    1.714|    1.714|
MZB_A<19>      |         |         |    2.077|    2.077|
MZB_A<20>      |         |         |    1.667|    1.667|
MZB_A<21>      |         |         |    1.292|    1.292|
MZB_A<22>      |         |         |    1.115|    1.115|
MZB_A<23>      |         |         |    1.667|    1.667|
---------------+---------+---------+---------+---------+

Clock to Setup on destination clock MZB_A<7>
---------------+---------+---------+---------+---------+
               | Src:Rise| Src:Fall| Src:Rise| Src:Fall|
Source Clock   |Dest:Rise|Dest:Rise|Dest:Fall|Dest:Fall|
---------------+---------+---------+---------+---------+
MZB_A<0>       |         |         |    3.081|    3.081|
MZB_A<1>       |         |         |    3.161|    3.161|
MZB_A<3>       |         |         |    2.096|    2.096|
MZB_A<4>       |         |         |    2.469|    2.469|
MZB_A<5>       |         |         |    1.605|    1.605|
MZB_A<6>       |         |         |    1.972|    1.972|
MZB_A<7>       |         |         |    1.953|    1.953|
MZB_A<8>       |         |         |    1.969|    1.969|
MZB_A<9>       |         |         |    1.227|    1.227|
MZB_A<10>      |         |         |    1.790|    1.790|
MZB_A<11>      |         |         |    1.715|    1.715|
MZB_A<12>      |         |         |    2.344|    2.344|
MZB_A<13>      |         |         |    1.736|    1.736|
MZB_A<14>      |         |         |    2.808|    2.808|
MZB_A<15>      |         |         |    1.861|    1.861|
MZB_A<16>      |         |         |    1.947|    1.947|
MZB_A<17>      |         |         |    2.094|    2.094|
MZB_A<18>      |         |         |    1.730|    1.730|
MZB_A<19>      |         |         |    2.093|    2.093|
MZB_A<20>      |         |         |    1.683|    1.683|
MZB_A<21>      |         |         |    1.308|    1.308|
MZB_A<22>      |         |         |    1.131|    1.131|
MZB_A<23>      |         |         |    1.683|    1.683|
---------------+---------+---------+---------+---------+

Clock to Setup on destination clock MZB_A<8>
---------------+---------+---------+---------+---------+
               | Src:Rise| Src:Fall| Src:Rise| Src:Fall|
Source Clock   |Dest:Rise|Dest:Rise|Dest:Fall|Dest:Fall|
---------------+---------+---------+---------+---------+
MZB_A<0>       |         |         |    3.067|    3.067|
MZB_A<1>       |         |         |    3.147|    3.147|
MZB_A<3>       |         |         |    2.082|    2.082|
MZB_A<4>       |         |         |    2.455|    2.455|
MZB_A<5>       |         |         |    1.591|    1.591|
MZB_A<6>       |         |         |    1.958|    1.958|
MZB_A<7>       |         |         |    1.939|    1.939|
MZB_A<8>       |         |         |    1.955|    1.955|
MZB_A<9>       |         |         |    1.213|    1.213|
MZB_A<10>      |         |         |    1.776|    1.776|
MZB_A<11>      |         |         |    1.701|    1.701|
MZB_A<12>      |         |         |    2.330|    2.330|
MZB_A<13>      |         |         |    1.722|    1.722|
MZB_A<14>      |         |         |    2.794|    2.794|
MZB_A<15>      |         |         |    1.847|    1.847|
MZB_A<16>      |         |         |    1.933|    1.933|
MZB_A<17>      |         |         |    2.080|    2.080|
MZB_A<18>      |         |         |    1.716|    1.716|
MZB_A<19>      |         |         |    2.079|    2.079|
MZB_A<20>      |         |         |    1.669|    1.669|
MZB_A<21>      |         |         |    1.294|    1.294|
MZB_A<22>      |         |         |    1.117|    1.117|
MZB_A<23>      |         |         |    1.669|    1.669|
---------------+---------+---------+---------+---------+

Clock to Setup on destination clock MZB_A<9>
---------------+---------+---------+---------+---------+
               | Src:Rise| Src:Fall| Src:Rise| Src:Fall|
Source Clock   |Dest:Rise|Dest:Rise|Dest:Fall|Dest:Fall|
---------------+---------+---------+---------+---------+
MZB_A<0>       |         |         |    3.661|    3.661|
MZB_A<1>       |         |         |    3.741|    3.741|
MZB_A<3>       |         |         |    2.676|    2.676|
MZB_A<4>       |         |         |    3.049|    3.049|
MZB_A<5>       |         |         |    2.185|    2.185|
MZB_A<6>       |         |         |    2.552|    2.552|
MZB_A<7>       |         |         |    2.533|    2.533|
MZB_A<8>       |         |         |    2.549|    2.549|
MZB_A<9>       |         |         |    1.807|    1.807|
MZB_A<10>      |         |         |    2.370|    2.370|
MZB_A<11>      |         |         |    2.295|    2.295|
MZB_A<12>      |         |         |    2.924|    2.924|
MZB_A<13>      |         |         |    2.316|    2.316|
MZB_A<14>      |         |         |    3.388|    3.388|
MZB_A<15>      |         |         |    2.441|    2.441|
MZB_A<16>      |         |         |    2.527|    2.527|
MZB_A<17>      |         |         |    2.674|    2.674|
MZB_A<18>      |         |         |    2.310|    2.310|
MZB_A<19>      |         |         |    2.673|    2.673|
MZB_A<20>      |         |         |    2.263|    2.263|
MZB_A<21>      |         |         |    1.888|    1.888|
MZB_A<22>      |         |         |    1.711|    1.711|
MZB_A<23>      |         |         |    2.263|    2.263|
---------------+---------+---------+---------+---------+

Clock to Setup on destination clock MZB_A<10>
---------------+---------+---------+---------+---------+
               | Src:Rise| Src:Fall| Src:Rise| Src:Fall|
Source Clock   |Dest:Rise|Dest:Rise|Dest:Fall|Dest:Fall|
---------------+---------+---------+---------+---------+
MZB_A<0>       |         |         |    3.211|    3.211|
MZB_A<1>       |         |         |    3.291|    3.291|
MZB_A<3>       |         |         |    2.226|    2.226|
MZB_A<4>       |         |         |    2.599|    2.599|
MZB_A<5>       |         |         |    1.735|    1.735|
MZB_A<6>       |         |         |    2.102|    2.102|
MZB_A<7>       |         |         |    2.083|    2.083|
MZB_A<8>       |         |         |    2.099|    2.099|
MZB_A<9>       |         |         |    1.357|    1.357|
MZB_A<10>      |         |         |    1.920|    1.920|
MZB_A<11>      |         |         |    1.845|    1.845|
MZB_A<12>      |         |         |    2.474|    2.474|
MZB_A<13>      |         |         |    1.866|    1.866|
MZB_A<14>      |         |         |    2.938|    2.938|
MZB_A<15>      |         |         |    1.991|    1.991|
MZB_A<16>      |         |         |    2.077|    2.077|
MZB_A<17>      |         |         |    2.224|    2.224|
MZB_A<18>      |         |         |    1.860|    1.860|
MZB_A<19>      |         |         |    2.223|    2.223|
MZB_A<20>      |         |         |    1.813|    1.813|
MZB_A<21>      |         |         |    1.438|    1.438|
MZB_A<22>      |         |         |    1.261|    1.261|
MZB_A<23>      |         |         |    1.813|    1.813|
---------------+---------+---------+---------+---------+

Clock to Setup on destination clock MZB_A<11>
---------------+---------+---------+---------+---------+
               | Src:Rise| Src:Fall| Src:Rise| Src:Fall|
Source Clock   |Dest:Rise|Dest:Rise|Dest:Fall|Dest:Fall|
---------------+---------+---------+---------+---------+
MZB_A<0>       |         |         |    3.271|    3.271|
MZB_A<1>       |         |         |    3.351|    3.351|
MZB_A<3>       |         |         |    2.286|    2.286|
MZB_A<4>       |         |         |    2.659|    2.659|
MZB_A<5>       |         |         |    1.795|    1.795|
MZB_A<6>       |         |         |    2.162|    2.162|
MZB_A<7>       |         |         |    2.143|    2.143|
MZB_A<8>       |         |         |    2.159|    2.159|
MZB_A<9>       |         |         |    1.417|    1.417|
MZB_A<10>      |         |         |    1.980|    1.980|
MZB_A<11>      |         |         |    1.905|    1.905|
MZB_A<12>      |         |         |    2.534|    2.534|
MZB_A<13>      |         |         |    1.926|    1.926|
MZB_A<14>      |         |         |    2.998|    2.998|
MZB_A<15>      |         |         |    2.051|    2.051|
MZB_A<16>      |         |         |    2.137|    2.137|
MZB_A<17>      |         |         |    2.284|    2.284|
MZB_A<18>      |         |         |    1.920|    1.920|
MZB_A<19>      |         |         |    2.283|    2.283|
MZB_A<20>      |         |         |    1.873|    1.873|
MZB_A<21>      |         |         |    1.498|    1.498|
MZB_A<22>      |         |         |    1.321|    1.321|
MZB_A<23>      |         |         |    1.873|    1.873|
---------------+---------+---------+---------+---------+

Clock to Setup on destination clock MZB_A<12>
---------------+---------+---------+---------+---------+
               | Src:Rise| Src:Fall| Src:Rise| Src:Fall|
Source Clock   |Dest:Rise|Dest:Rise|Dest:Fall|Dest:Fall|
---------------+---------+---------+---------+---------+
MZB_A<0>       |         |         |    2.768|    2.768|
MZB_A<1>       |         |         |    2.848|    2.848|
MZB_A<3>       |         |         |    1.783|    1.783|
MZB_A<4>       |         |         |    2.156|    2.156|
MZB_A<5>       |         |         |    1.292|    1.292|
MZB_A<6>       |         |         |    1.659|    1.659|
MZB_A<7>       |         |         |    1.640|    1.640|
MZB_A<8>       |         |         |    1.656|    1.656|
MZB_A<9>       |         |         |    0.914|    0.914|
MZB_A<10>      |         |         |    1.477|    1.477|
MZB_A<11>      |         |         |    1.402|    1.402|
MZB_A<12>      |         |         |    2.031|    2.031|
MZB_A<13>      |         |         |    1.423|    1.423|
MZB_A<14>      |         |         |    2.495|    2.495|
MZB_A<15>      |         |         |    1.548|    1.548|
MZB_A<16>      |         |         |    1.634|    1.634|
MZB_A<17>      |         |         |    1.781|    1.781|
MZB_A<18>      |         |         |    1.417|    1.417|
MZB_A<19>      |         |         |    1.780|    1.780|
MZB_A<20>      |         |         |    1.370|    1.370|
MZB_A<21>      |         |         |    0.995|    0.995|
MZB_A<22>      |         |         |    0.818|    0.818|
MZB_A<23>      |         |         |    1.370|    1.370|
---------------+---------+---------+---------+---------+

Clock to Setup on destination clock MZB_A<13>
---------------+---------+---------+---------+---------+
               | Src:Rise| Src:Fall| Src:Rise| Src:Fall|
Source Clock   |Dest:Rise|Dest:Rise|Dest:Fall|Dest:Fall|
---------------+---------+---------+---------+---------+
MZB_A<0>       |         |         |    3.254|    3.254|
MZB_A<1>       |         |         |    3.334|    3.334|
MZB_A<3>       |         |         |    2.269|    2.269|
MZB_A<4>       |         |         |    2.642|    2.642|
MZB_A<5>       |         |         |    1.778|    1.778|
MZB_A<6>       |         |         |    2.145|    2.145|
MZB_A<7>       |         |         |    2.126|    2.126|
MZB_A<8>       |         |         |    2.142|    2.142|
MZB_A<9>       |         |         |    1.400|    1.400|
MZB_A<10>      |         |         |    1.963|    1.963|
MZB_A<11>      |         |         |    1.888|    1.888|
MZB_A<12>      |         |         |    2.517|    2.517|
MZB_A<13>      |         |         |    1.909|    1.909|
MZB_A<14>      |         |         |    2.981|    2.981|
MZB_A<15>      |         |         |    2.034|    2.034|
MZB_A<16>      |         |         |    2.120|    2.120|
MZB_A<17>      |         |         |    2.267|    2.267|
MZB_A<18>      |         |         |    1.903|    1.903|
MZB_A<19>      |         |         |    2.266|    2.266|
MZB_A<20>      |         |         |    1.856|    1.856|
MZB_A<21>      |         |         |    1.481|    1.481|
MZB_A<22>      |         |         |    1.304|    1.304|
MZB_A<23>      |         |         |    1.856|    1.856|
---------------+---------+---------+---------+---------+

Clock to Setup on destination clock MZB_A<14>
---------------+---------+---------+---------+---------+
               | Src:Rise| Src:Fall| Src:Rise| Src:Fall|
Source Clock   |Dest:Rise|Dest:Rise|Dest:Fall|Dest:Fall|
---------------+---------+---------+---------+---------+
MZB_A<0>       |         |         |    2.396|    2.396|
MZB_A<1>       |         |         |    2.476|    2.476|
MZB_A<3>       |         |         |    1.411|    1.411|
MZB_A<4>       |         |         |    1.784|    1.784|
MZB_A<5>       |         |         |    0.920|    0.920|
MZB_A<6>       |         |         |    1.287|    1.287|
MZB_A<7>       |         |         |    1.268|    1.268|
MZB_A<8>       |         |         |    1.284|    1.284|
MZB_A<9>       |         |         |    0.542|    0.542|
MZB_A<10>      |         |         |    1.105|    1.105|
MZB_A<11>      |         |         |    1.030|    1.030|
MZB_A<12>      |         |         |    1.659|    1.659|
MZB_A<13>      |         |         |    1.051|    1.051|
MZB_A<14>      |         |         |    2.123|    2.123|
MZB_A<15>      |         |         |    1.176|    1.176|
MZB_A<16>      |         |         |    1.262|    1.262|
MZB_A<17>      |         |         |    1.409|    1.409|
MZB_A<18>      |         |         |    1.045|    1.045|
MZB_A<19>      |         |         |    1.408|    1.408|
MZB_A<20>      |         |         |    0.998|    0.998|
MZB_A<21>      |         |         |    0.623|    0.623|
MZB_A<22>      |         |         |    0.446|    0.446|
MZB_A<23>      |         |         |    0.998|    0.998|
---------------+---------+---------+---------+---------+

Clock to Setup on destination clock MZB_A<15>
---------------+---------+---------+---------+---------+
               | Src:Rise| Src:Fall| Src:Rise| Src:Fall|
Source Clock   |Dest:Rise|Dest:Rise|Dest:Fall|Dest:Fall|
---------------+---------+---------+---------+---------+
MZB_A<0>       |         |         |    3.154|    3.154|
MZB_A<1>       |         |         |    3.234|    3.234|
MZB_A<3>       |         |         |    2.169|    2.169|
MZB_A<4>       |         |         |    2.542|    2.542|
MZB_A<5>       |         |         |    1.678|    1.678|
MZB_A<6>       |         |         |    2.045|    2.045|
MZB_A<7>       |         |         |    2.026|    2.026|
MZB_A<8>       |         |         |    2.042|    2.042|
MZB_A<9>       |         |         |    1.300|    1.300|
MZB_A<10>      |         |         |    1.863|    1.863|
MZB_A<11>      |         |         |    1.788|    1.788|
MZB_A<12>      |         |         |    2.417|    2.417|
MZB_A<13>      |         |         |    1.809|    1.809|
MZB_A<14>      |         |         |    2.881|    2.881|
MZB_A<15>      |         |         |    1.934|    1.934|
MZB_A<16>      |         |         |    2.020|    2.020|
MZB_A<17>      |         |         |    2.167|    2.167|
MZB_A<18>      |         |         |    1.803|    1.803|
MZB_A<19>      |         |         |    2.166|    2.166|
MZB_A<20>      |         |         |    1.756|    1.756|
MZB_A<21>      |         |         |    1.381|    1.381|
MZB_A<22>      |         |         |    1.204|    1.204|
MZB_A<23>      |         |         |    1.756|    1.756|
---------------+---------+---------+---------+---------+

Clock to Setup on destination clock MZB_A<16>
---------------+---------+---------+---------+---------+
               | Src:Rise| Src:Fall| Src:Rise| Src:Fall|
Source Clock   |Dest:Rise|Dest:Rise|Dest:Fall|Dest:Fall|
---------------+---------+---------+---------+---------+
MZB_A<0>       |         |         |    3.085|    3.085|
MZB_A<1>       |         |         |    3.165|    3.165|
MZB_A<3>       |         |         |    2.100|    2.100|
MZB_A<4>       |         |         |    2.473|    2.473|
MZB_A<5>       |         |         |    1.609|    1.609|
MZB_A<6>       |         |         |    1.976|    1.976|
MZB_A<7>       |         |         |    1.957|    1.957|
MZB_A<8>       |         |         |    1.973|    1.973|
MZB_A<9>       |         |         |    1.231|    1.231|
MZB_A<10>      |         |         |    1.794|    1.794|
MZB_A<11>      |         |         |    1.719|    1.719|
MZB_A<12>      |         |         |    2.348|    2.348|
MZB_A<13>      |         |         |    1.740|    1.740|
MZB_A<14>      |         |         |    2.812|    2.812|
MZB_A<15>      |         |         |    1.865|    1.865|
MZB_A<16>      |         |         |    1.951|    1.951|
MZB_A<17>      |         |         |    2.098|    2.098|
MZB_A<18>      |         |         |    1.734|    1.734|
MZB_A<19>      |         |         |    2.097|    2.097|
MZB_A<20>      |         |         |    1.687|    1.687|
MZB_A<21>      |         |         |    1.312|    1.312|
MZB_A<22>      |         |         |    1.135|    1.135|
MZB_A<23>      |         |         |    1.687|    1.687|
---------------+---------+---------+---------+---------+

Clock to Setup on destination clock MZB_A<17>
---------------+---------+---------+---------+---------+
               | Src:Rise| Src:Fall| Src:Rise| Src:Fall|
Source Clock   |Dest:Rise|Dest:Rise|Dest:Fall|Dest:Fall|
---------------+---------+---------+---------+---------+
MZB_A<0>       |         |         |    2.968|    2.968|
MZB_A<1>       |         |         |    3.048|    3.048|
MZB_A<3>       |         |         |    1.983|    1.983|
MZB_A<4>       |         |         |    2.356|    2.356|
MZB_A<5>       |         |         |    1.492|    1.492|
MZB_A<6>       |         |         |    1.859|    1.859|
MZB_A<7>       |         |         |    1.840|    1.840|
MZB_A<8>       |         |         |    1.856|    1.856|
MZB_A<9>       |         |         |    1.114|    1.114|
MZB_A<10>      |         |         |    1.677|    1.677|
MZB_A<11>      |         |         |    1.602|    1.602|
MZB_A<12>      |         |         |    2.231|    2.231|
MZB_A<13>      |         |         |    1.623|    1.623|
MZB_A<14>      |         |         |    2.695|    2.695|
MZB_A<15>      |         |         |    1.748|    1.748|
MZB_A<16>      |         |         |    1.834|    1.834|
MZB_A<17>      |         |         |    1.981|    1.981|
MZB_A<18>      |         |         |    1.617|    1.617|
MZB_A<19>      |         |         |    1.980|    1.980|
MZB_A<20>      |         |         |    1.570|    1.570|
MZB_A<21>      |         |         |    1.195|    1.195|
MZB_A<22>      |         |         |    1.018|    1.018|
MZB_A<23>      |         |         |    1.570|    1.570|
---------------+---------+---------+---------+---------+

Clock to Setup on destination clock MZB_A<18>
---------------+---------+---------+---------+---------+
               | Src:Rise| Src:Fall| Src:Rise| Src:Fall|
Source Clock   |Dest:Rise|Dest:Rise|Dest:Fall|Dest:Fall|
---------------+---------+---------+---------+---------+
MZB_A<0>       |         |         |    3.259|    3.259|
MZB_A<1>       |         |         |    3.339|    3.339|
MZB_A<3>       |         |         |    2.274|    2.274|
MZB_A<4>       |         |         |    2.647|    2.647|
MZB_A<5>       |         |         |    1.783|    1.783|
MZB_A<6>       |         |         |    2.150|    2.150|
MZB_A<7>       |         |         |    2.131|    2.131|
MZB_A<8>       |         |         |    2.147|    2.147|
MZB_A<9>       |         |         |    1.405|    1.405|
MZB_A<10>      |         |         |    1.968|    1.968|
MZB_A<11>      |         |         |    1.893|    1.893|
MZB_A<12>      |         |         |    2.522|    2.522|
MZB_A<13>      |         |         |    1.914|    1.914|
MZB_A<14>      |         |         |    2.986|    2.986|
MZB_A<15>      |         |         |    2.039|    2.039|
MZB_A<16>      |         |         |    2.125|    2.125|
MZB_A<17>      |         |         |    2.272|    2.272|
MZB_A<18>      |         |         |    1.908|    1.908|
MZB_A<19>      |         |         |    2.271|    2.271|
MZB_A<20>      |         |         |    1.861|    1.861|
MZB_A<21>      |         |         |    1.486|    1.486|
MZB_A<22>      |         |         |    1.309|    1.309|
MZB_A<23>      |         |         |    1.861|    1.861|
---------------+---------+---------+---------+---------+

Clock to Setup on destination clock MZB_A<19>
---------------+---------+---------+---------+---------+
               | Src:Rise| Src:Fall| Src:Rise| Src:Fall|
Source Clock   |Dest:Rise|Dest:Rise|Dest:Fall|Dest:Fall|
---------------+---------+---------+---------+---------+
MZB_A<0>       |         |         |    2.968|    2.968|
MZB_A<1>       |         |         |    3.048|    3.048|
MZB_A<3>       |         |         |    1.983|    1.983|
MZB_A<4>       |         |         |    2.356|    2.356|
MZB_A<5>       |         |         |    1.492|    1.492|
MZB_A<6>       |         |         |    1.859|    1.859|
MZB_A<7>       |         |         |    1.840|    1.840|
MZB_A<8>       |         |         |    1.856|    1.856|
MZB_A<9>       |         |         |    1.114|    1.114|
MZB_A<10>      |         |         |    1.677|    1.677|
MZB_A<11>      |         |         |    1.602|    1.602|
MZB_A<12>      |         |         |    2.231|    2.231|
MZB_A<13>      |         |         |    1.623|    1.623|
MZB_A<14>      |         |         |    2.695|    2.695|
MZB_A<15>      |         |         |    1.748|    1.748|
MZB_A<16>      |         |         |    1.834|    1.834|
MZB_A<17>      |         |         |    1.981|    1.981|
MZB_A<18>      |         |         |    1.617|    1.617|
MZB_A<19>      |         |         |    1.980|    1.980|
MZB_A<20>      |         |         |    1.570|    1.570|
MZB_A<21>      |         |         |    1.195|    1.195|
MZB_A<22>      |         |         |    1.018|    1.018|
MZB_A<23>      |         |         |    1.570|    1.570|
---------------+---------+---------+---------+---------+

Clock to Setup on destination clock MZB_A<20>
---------------+---------+---------+---------+---------+
               | Src:Rise| Src:Fall| Src:Rise| Src:Fall|
Source Clock   |Dest:Rise|Dest:Rise|Dest:Fall|Dest:Fall|
---------------+---------+---------+---------+---------+
MZB_A<0>       |         |         |    3.296|    3.296|
MZB_A<1>       |         |         |    3.376|    3.376|
MZB_A<3>       |         |         |    2.311|    2.311|
MZB_A<4>       |         |         |    2.684|    2.684|
MZB_A<5>       |         |         |    1.820|    1.820|
MZB_A<6>       |         |         |    2.187|    2.187|
MZB_A<7>       |         |         |    2.168|    2.168|
MZB_A<8>       |         |         |    2.184|    2.184|
MZB_A<9>       |         |         |    1.442|    1.442|
MZB_A<10>      |         |         |    2.005|    2.005|
MZB_A<11>      |         |         |    1.930|    1.930|
MZB_A<12>      |         |         |    2.559|    2.559|
MZB_A<13>      |         |         |    1.951|    1.951|
MZB_A<14>      |         |         |    3.023|    3.023|
MZB_A<15>      |         |         |    2.076|    2.076|
MZB_A<16>      |         |         |    2.162|    2.162|
MZB_A<17>      |         |         |    2.309|    2.309|
MZB_A<18>      |         |         |    1.945|    1.945|
MZB_A<19>      |         |         |    2.308|    2.308|
MZB_A<20>      |         |         |    1.898|    1.898|
MZB_A<21>      |         |         |    1.523|    1.523|
MZB_A<22>      |         |         |    1.346|    1.346|
MZB_A<23>      |         |         |    1.898|    1.898|
---------------+---------+---------+---------+---------+

Clock to Setup on destination clock MZB_A<21>
---------------+---------+---------+---------+---------+
               | Src:Rise| Src:Fall| Src:Rise| Src:Fall|
Source Clock   |Dest:Rise|Dest:Rise|Dest:Fall|Dest:Fall|
---------------+---------+---------+---------+---------+
MZB_A<0>       |         |         |    3.596|    3.596|
MZB_A<1>       |         |         |    3.676|    3.676|
MZB_A<3>       |         |         |    2.611|    2.611|
MZB_A<4>       |         |         |    2.984|    2.984|
MZB_A<5>       |         |         |    2.120|    2.120|
MZB_A<6>       |         |         |    2.487|    2.487|
MZB_A<7>       |         |         |    2.468|    2.468|
MZB_A<8>       |         |         |    2.484|    2.484|
MZB_A<9>       |         |         |    1.742|    1.742|
MZB_A<10>      |         |         |    2.305|    2.305|
MZB_A<11>      |         |         |    2.230|    2.230|
MZB_A<12>      |         |         |    2.859|    2.859|
MZB_A<13>      |         |         |    2.251|    2.251|
MZB_A<14>      |         |         |    3.323|    3.323|
MZB_A<15>      |         |         |    2.376|    2.376|
MZB_A<16>      |         |         |    2.462|    2.462|
MZB_A<17>      |         |         |    2.609|    2.609|
MZB_A<18>      |         |         |    2.245|    2.245|
MZB_A<19>      |         |         |    2.608|    2.608|
MZB_A<20>      |         |         |    2.198|    2.198|
MZB_A<21>      |         |         |    1.823|    1.823|
MZB_A<22>      |         |         |    1.646|    1.646|
MZB_A<23>      |         |         |    2.198|    2.198|
---------------+---------+---------+---------+---------+

Clock to Setup on destination clock MZB_A<22>
---------------+---------+---------+---------+---------+
               | Src:Rise| Src:Fall| Src:Rise| Src:Fall|
Source Clock   |Dest:Rise|Dest:Rise|Dest:Fall|Dest:Fall|
---------------+---------+---------+---------+---------+
MZB_A<0>       |         |         |    3.737|    3.737|
MZB_A<1>       |         |         |    3.817|    3.817|
MZB_A<3>       |         |         |    2.752|    2.752|
MZB_A<4>       |         |         |    3.125|    3.125|
MZB_A<5>       |         |         |    2.261|    2.261|
MZB_A<6>       |         |         |    2.628|    2.628|
MZB_A<7>       |         |         |    2.609|    2.609|
MZB_A<8>       |         |         |    2.625|    2.625|
MZB_A<9>       |         |         |    1.883|    1.883|
MZB_A<10>      |         |         |    2.446|    2.446|
MZB_A<11>      |         |         |    2.371|    2.371|
MZB_A<12>      |         |         |    3.000|    3.000|
MZB_A<13>      |         |         |    2.392|    2.392|
MZB_A<14>      |         |         |    3.464|    3.464|
MZB_A<15>      |         |         |    2.517|    2.517|
MZB_A<16>      |         |         |    2.603|    2.603|
MZB_A<17>      |         |         |    2.750|    2.750|
MZB_A<18>      |         |         |    2.386|    2.386|
MZB_A<19>      |         |         |    2.749|    2.749|
MZB_A<20>      |         |         |    2.339|    2.339|
MZB_A<21>      |         |         |    1.964|    1.964|
MZB_A<22>      |         |         |    1.787|    1.787|
MZB_A<23>      |         |         |    2.339|    2.339|
---------------+---------+---------+---------+---------+

Clock to Setup on destination clock MZB_A<23>
---------------+---------+---------+---------+---------+
               | Src:Rise| Src:Fall| Src:Rise| Src:Fall|
Source Clock   |Dest:Rise|Dest:Rise|Dest:Fall|Dest:Fall|
---------------+---------+---------+---------+---------+
MZB_A<0>       |         |         |    3.296|    3.296|
MZB_A<1>       |         |         |    3.376|    3.376|
MZB_A<3>       |         |         |    2.311|    2.311|
MZB_A<4>       |         |         |    2.684|    2.684|
MZB_A<5>       |         |         |    1.820|    1.820|
MZB_A<6>       |         |         |    2.187|    2.187|
MZB_A<7>       |         |         |    2.168|    2.168|
MZB_A<8>       |         |         |    2.184|    2.184|
MZB_A<9>       |         |         |    1.442|    1.442|
MZB_A<10>      |         |         |    2.005|    2.005|
MZB_A<11>      |         |         |    1.930|    1.930|
MZB_A<12>      |         |         |    2.559|    2.559|
MZB_A<13>      |         |         |    1.951|    1.951|
MZB_A<14>      |         |         |    3.023|    3.023|
MZB_A<15>      |         |         |    2.076|    2.076|
MZB_A<16>      |         |         |    2.162|    2.162|
MZB_A<17>      |         |         |    2.309|    2.309|
MZB_A<18>      |         |         |    1.945|    1.945|
MZB_A<19>      |         |         |    2.308|    2.308|
MZB_A<20>      |         |         |    1.898|    1.898|
MZB_A<21>      |         |         |    1.523|    1.523|
MZB_A<22>      |         |         |    1.346|    1.346|
MZB_A<23>      |         |         |    1.898|    1.898|
---------------+---------+---------+---------+---------+

Pad to Pad
---------------+----------------+---------+
Source Pad     |Destination Pad |  Delay  |
---------------+----------------+---------+
MZB_A<0>       |ACC_PORT_PIN<15>|   10.014|
MZB_A<1>       |ACC_PORT_PIN<16>|   10.358|
MZB_A<2>       |ACC_PORT_PIN<17>|   10.497|
MZB_A<3>       |ACC_PORT_PIN<18>|   11.042|
MZB_A<4>       |ACC_PORT_PIN<19>|   11.351|
MZB_A<5>       |ACC_PORT_PIN<20>|   11.483|
MZB_A<6>       |ACC_PORT_PIN<21>|    9.703|
MZB_A<7>       |ACC_PORT_PIN<22>|    9.223|
MZB_CPLD_AS    |ACC_PORT_PIN<31>|   11.171|
MZB_CPLD_AS    |MZB_D<0>        |    9.875|
MZB_CPLD_AS    |MZB_D<1>        |    9.561|
MZB_CPLD_AS    |MZB_D<2>        |   10.597|
MZB_CPLD_AS    |MZB_D<3>        |   10.282|
MZB_CPLD_AS    |MZB_D<4>        |   11.326|
MZB_CPLD_AS    |MZB_D<5>        |   10.645|
MZB_CPLD_AS    |MZB_D<6>        |   11.694|
MZB_CPLD_AS    |MZB_D<7>        |   12.454|
MZB_CPLD_AS    |MZB_D<8>        |   12.762|
MZB_CPLD_AS    |MZB_D<9>        |   12.825|
MZB_CPLD_AS    |MZB_D<10>       |   13.474|
MZB_CPLD_AS    |MZB_D<11>       |   12.826|
MZB_CPLD_AS    |MZB_D<12>       |   13.204|
MZB_CPLD_AS    |MZB_D<13>       |   13.205|
MZB_CPLD_AS    |MZB_D<14>       |   13.574|
MZB_CPLD_AS    |MZB_D<15>       |   13.924|
MZB_CPLD_AS    |MZB_D<16>       |    9.147|
MZB_CPLD_AS    |MZB_D<17>       |    9.200|
MZB_CPLD_AS    |MZB_D<18>       |    9.147|
MZB_CPLD_AS    |MZB_D<19>       |   10.236|
MZB_CPLD_AS    |MZB_D<20>       |    9.875|
MZB_CPLD_AS    |MZB_D<21>       |   10.283|
MZB_CPLD_AS    |MZB_D<22>       |   10.957|
MZB_CPLD_AS    |MZB_D<23>       |   11.328|
MZB_CPLD_AS    |MZB_D<24>       |   11.005|
MZB_CPLD_AS    |MZB_D<25>       |   11.346|
MZB_CPLD_AS    |MZB_D<26>       |   12.071|
MZB_CPLD_AS    |MZB_D<27>       |   12.086|
MZB_CPLD_AS    |MZB_D<28>       |   12.455|
MZB_CPLD_AS    |MZB_D<29>       |   13.203|
MZB_CPLD_AS    |MZB_D<30>       |   13.816|
MZB_CPLD_AS    |MZB_D<31>       |   13.573|
MZB_CPLD_BE0_B |ACC_PORT_PIN<34>|   12.157|
MZB_CPLD_BE1_B |ACC_PORT_PIN<35>|   13.233|
MZB_CPLD_BE2_B |ACC_PORT_PIN<36>|   14.121|
MZB_CPLD_BE3_B |ACC_PORT_PIN<37>|   13.072|
MZB_CPLD_CLK0  |ACC_PORT_PIN<9> |   10.042|
MZB_CPLD_CLK0  |ACC_PORT_PIN<10>|   10.547|
MZB_CPLD_RS5_B |ACC_PORT_PIN<33>|    9.656|
MZB_CPLD_RS5_B |MZB_D<0>        |   10.719|
MZB_CPLD_RS5_B |MZB_D<1>        |   10.405|
MZB_CPLD_RS5_B |MZB_D<2>        |   11.441|
MZB_CPLD_RS5_B |MZB_D<3>        |   11.126|
MZB_CPLD_RS5_B |MZB_D<4>        |   12.170|
MZB_CPLD_RS5_B |MZB_D<5>        |   11.489|
MZB_CPLD_RS5_B |MZB_D<6>        |   12.538|
MZB_CPLD_RS5_B |MZB_D<7>        |   13.298|
MZB_CPLD_RS5_B |MZB_D<8>        |   13.606|
MZB_CPLD_RS5_B |MZB_D<9>        |   13.669|
MZB_CPLD_RS5_B |MZB_D<10>       |   14.318|
MZB_CPLD_RS5_B |MZB_D<11>       |   13.670|
MZB_CPLD_RS5_B |MZB_D<12>       |   14.048|
MZB_CPLD_RS5_B |MZB_D<13>       |   14.049|
MZB_CPLD_RS5_B |MZB_D<14>       |   14.418|
MZB_CPLD_RS5_B |MZB_D<15>       |   14.768|
MZB_CPLD_RS5_B |MZB_D<16>       |    9.991|
MZB_CPLD_RS5_B |MZB_D<17>       |   10.044|
MZB_CPLD_RS5_B |MZB_D<18>       |    9.991|
MZB_CPLD_RS5_B |MZB_D<19>       |   11.080|
MZB_CPLD_RS5_B |MZB_D<20>       |   10.719|
MZB_CPLD_RS5_B |MZB_D<21>       |   11.127|
MZB_CPLD_RS5_B |MZB_D<22>       |   11.801|
MZB_CPLD_RS5_B |MZB_D<23>       |   12.172|
MZB_CPLD_RS5_B |MZB_D<24>       |   11.849|
MZB_CPLD_RS5_B |MZB_D<25>       |   12.190|
MZB_CPLD_RS5_B |MZB_D<26>       |   12.915|
MZB_CPLD_RS5_B |MZB_D<27>       |   12.930|
MZB_CPLD_RS5_B |MZB_D<28>       |   13.299|
MZB_CPLD_RS5_B |MZB_D<29>       |   14.047|
MZB_CPLD_RS5_B |MZB_D<30>       |   14.660|
MZB_CPLD_RS5_B |MZB_D<31>       |   14.417|
MZB_CPLD_WS5_B |ACC_PORT_PIN<32>|    9.384|
MZB_D<0>       |ACC_PORT_PIN<23>|    9.713|
MZB_D<1>       |ACC_PORT_PIN<24>|    9.380|
MZB_D<2>       |ACC_PORT_PIN<25>|   10.800|
MZB_D<3>       |ACC_PORT_PIN<26>|   10.538|
MZB_D<4>       |ACC_PORT_PIN<27>|   14.430|
MZB_D<5>       |ACC_PORT_PIN<28>|   10.553|
MZB_D<6>       |ACC_PORT_PIN<29>|   14.882|
MZB_D<7>       |ACC_PORT_PIN<30>|   11.137|
---------------+----------------+---------+


Analysis completed Mon Mar 05 15:16:08 2012 
--------------------------------------------------------------------------------

Trace Settings:
-------------------------
Trace Settings 

Peak Memory Usage: 164 MB



